2019-07-18 22:46:40.258  INFO 10324 --- [main] c.s.guns.rest.GunsUserApplication        : Starting GunsUserApplication on FXGC70TFI3D3GJ4 with PID 10324 (D:\GitRemoteRepo\GitHub\project_guns\guns-user\target\classes started by Administrator in D:\GitRemoteRepo\GitHub\project_guns)
2019-07-18 22:46:40.271 DEBUG 10324 --- [main] c.s.guns.rest.GunsUserApplication        : Running with Spring Boot v2.0.1.RELEASE, Spring v5.0.5.RELEASE
2019-07-18 22:46:40.276  INFO 10324 --- [main] c.s.guns.rest.GunsUserApplication        : No active profile set, falling back to default profiles: default
2019-07-18 22:46:40.390  INFO 10324 --- [main] ConfigServletWebServerApplicationContext : Refreshing org.springframework.boot.web.servlet.context.AnnotationConfigServletWebServerApplicationContext@5b8dfcc1: startup date [Thu Jul 18 22:46:40 CST 2019]; root of context hierarchy
2019-07-18 22:46:41.332  INFO 10324 --- [main] o.s.b.f.s.DefaultListableBeanFactory     : Overriding bean definition for bean 'error' with a different definition: replacing [Root bean: class [null]; scope=; abstract=false; lazyInit=false; autowireMode=3; dependencyCheck=0; autowireCandidate=true; primary=false; factoryBeanName=org.springframework.boot.autoconfigure.web.servlet.error.ErrorMvcAutoConfiguration$WhitelabelErrorViewConfiguration; factoryMethodName=defaultErrorView; initMethodName=null; destroyMethodName=(inferred); defined in class path resource [org/springframework/boot/autoconfigure/web/servlet/error/ErrorMvcAutoConfiguration$WhitelabelErrorViewConfiguration.class]] with [Root bean: class [null]; scope=; abstract=false; lazyInit=false; autowireMode=3; dependencyCheck=0; autowireCandidate=true; primary=false; factoryBeanName=com.stylefeng.guns.core.config.DefaultWebConfig; factoryMethodName=error; initMethodName=null; destroyMethodName=(inferred); defined in class path resource [com/stylefeng/guns/core/config/DefaultWebConfig.class]]
2019-07-18 22:46:41.334  INFO 10324 --- [main] o.s.b.f.s.DefaultListableBeanFactory     : Overriding bean definition for bean 'dataSource' with a different definition: replacing [Root bean: class [null]; scope=; abstract=false; lazyInit=false; autowireMode=3; dependencyCheck=0; autowireCandidate=true; primary=false; factoryBeanName=org.springframework.boot.autoconfigure.jdbc.DataSourceConfiguration$Hikari; factoryMethodName=dataSource; initMethodName=null; destroyMethodName=(inferred); defined in class path resource [org/springframework/boot/autoconfigure/jdbc/DataSourceConfiguration$Hikari.class]] with [Root bean: class [null]; scope=; abstract=false; lazyInit=false; autowireMode=3; dependencyCheck=0; autowireCandidate=true; primary=false; factoryBeanName=com.stylefeng.guns.core.config.SingleDataSourceConfig; factoryMethodName=dataSource; initMethodName=null; destroyMethodName=(inferred); defined in class path resource [com/stylefeng/guns/core/config/SingleDataSourceConfig.class]]
2019-07-18 22:46:41.334  INFO 10324 --- [main] o.s.b.f.s.DefaultListableBeanFactory     : Overriding bean definition for bean 'paginationInterceptor' with a different definition: replacing [Root bean: class [null]; scope=; abstract=false; lazyInit=false; autowireMode=3; dependencyCheck=0; autowireCandidate=true; primary=false; factoryBeanName=mybatisPlusConfig; factoryMethodName=paginationInterceptor; initMethodName=null; destroyMethodName=(inferred); defined in class path resource [com/stylefeng/guns/rest/config/MybatisPlusConfig.class]] with [Root bean: class [null]; scope=; abstract=false; lazyInit=false; autowireMode=3; dependencyCheck=0; autowireCandidate=true; primary=false; factoryBeanName=com.stylefeng.guns.core.config.SingleDataSourceConfig; factoryMethodName=paginationInterceptor; initMethodName=null; destroyMethodName=(inferred); defined in class path resource [com/stylefeng/guns/core/config/SingleDataSourceConfig.class]]
2019-07-18 22:46:41.338  WARN 10324 --- [main] o.m.s.mapper.ClassPathMapperScanner      : No MyBatis mapper was found in '[com.stylefeng.guns.modular.*.dao]' package. Please check your configuration.
2019-07-18 22:46:42.159  INFO 10324 --- [main] o.s.b.w.embedded.tomcat.TomcatWebServer  : Tomcat initialized with port(s): 8083 (http)
2019-07-18 22:46:42.199  INFO 10324 --- [main] o.apache.catalina.core.StandardService   : Starting service [Tomcat]
2019-07-18 22:46:42.199  INFO 10324 --- [main] org.apache.catalina.core.StandardEngine  : Starting Servlet Engine: Apache Tomcat/8.5.29
2019-07-18 22:46:42.204  INFO 10324 --- [localhost-startStop-1] o.a.catalina.core.AprLifecycleListener   : The APR based Apache Tomcat Native library which allows optimal performance in production environments was not found on the java.library.path: [D:\JAVA\jdk1.8.0_111\bin;C:\Windows\Sun\Java\bin;C:\Windows\system32;C:\Windows;D:\Xshell 6\;C:\Windows\system32;C:\Windows;C:\Windows\System32\Wbem;C:\Windows\System32\WindowsPowerShell\v1.0\;C:\Windows\System32\OpenSSH\;D:\JAVA\jdk1.8.0_111\bin;C:\Program Files\MySQL\MySQL Server 5.7\bin;D:\Git\cmd;D:\nodejs\;C:\Users\Administrator\AppData\Local\Microsoft\WindowsApps;D:\IntelliJ IDEA 2018.3.5\bin;;C:\Program Files (x86)\Tencent\WeChat;C:\Program Files\MySQL\MySQL Server 5.7\bin;D:\apache-maven-3.6.1\bin;C:\Users\Administrator\AppData\Roaming\npm;.]
2019-07-18 22:46:42.415  INFO 10324 --- [localhost-startStop-1] o.a.c.c.C.[Tomcat].[localhost].[/]       : Initializing Spring embedded WebApplicationContext
2019-07-18 22:46:42.416  INFO 10324 --- [localhost-startStop-1] o.s.web.context.ContextLoader            : Root WebApplicationContext: initialization completed in 2027 ms
2019-07-18 22:46:42.813  INFO 10324 --- [localhost-startStop-1] o.s.b.w.servlet.ServletRegistrationBean  : Servlet dispatcherServlet mapped to [/]
2019-07-18 22:46:42.820  INFO 10324 --- [localhost-startStop-1] o.s.b.w.servlet.FilterRegistrationBean   : Mapping filter: 'characterEncodingFilter' to: [/*]
2019-07-18 22:46:42.821  INFO 10324 --- [localhost-startStop-1] o.s.b.w.servlet.FilterRegistrationBean   : Mapping filter: 'hiddenHttpMethodFilter' to: [/*]
2019-07-18 22:46:42.822  INFO 10324 --- [localhost-startStop-1] o.s.b.w.servlet.FilterRegistrationBean   : Mapping filter: 'httpPutFormContentFilter' to: [/*]
2019-07-18 22:46:42.822  INFO 10324 --- [localhost-startStop-1] o.s.b.w.servlet.FilterRegistrationBean   : Mapping filter: 'requestContextFilter' to: [/*]
2019-07-18 22:46:43.863  INFO 10324 --- [main] com.alibaba.druid.pool.DruidDataSource   : {dataSource-1} inited
2019-07-18 22:46:44.521  INFO 10324 --- [main] s.w.s.m.m.a.RequestMappingHandlerAdapter : Looking for @ControllerAdvice: org.springframework.boot.web.servlet.context.AnnotationConfigServletWebServerApplicationContext@5b8dfcc1: startup date [Thu Jul 18 22:46:40 CST 2019]; root of context hierarchy
2019-07-18 22:46:44.615  INFO 10324 --- [main] o.s.w.s.handler.SimpleUrlHandlerMapping  : Mapped URL path [/**/favicon.ico] onto handler of type [class org.springframework.web.servlet.resource.ResourceHttpRequestHandler]
2019-07-18 22:46:44.660  INFO 10324 --- [main] s.w.s.m.m.a.RequestMappingHandlerMapping : Mapped "{[/auth]}" onto public org.springframework.http.ResponseEntity<?> com.stylefeng.guns.rest.modular.auth.controller.AuthController.createAuthenticationToken(com.stylefeng.guns.rest.modular.auth.controller.dto.AuthRequest)
2019-07-18 22:46:44.662  INFO 10324 --- [main] s.w.s.m.m.a.RequestMappingHandlerMapping : Mapped "{[/hello]}" onto public org.springframework.http.ResponseEntity com.stylefeng.guns.rest.modular.example.ExampleController.hello(com.stylefeng.guns.rest.common.SimpleObject)
2019-07-18 22:46:44.662  INFO 10324 --- [main] s.w.s.m.m.a.RequestMappingHandlerMapping : Mapped "{[/product/getProductById]}" onto public com.stylefeng.guns.rest.common.persistence.model.Product com.stylefeng.guns.rest.modular.product.controller.ProductController.getProductById(java.lang.Integer)
2019-07-18 22:46:44.664  INFO 10324 --- [main] s.w.s.m.m.a.RequestMappingHandlerMapping : Mapped "{[/global/sessionError]}" onto public java.lang.String com.stylefeng.guns.core.base.controller.GlobalController.errorPageInfo(org.springframework.ui.Model)
2019-07-18 22:46:44.664  INFO 10324 --- [main] s.w.s.m.m.a.RequestMappingHandlerMapping : Mapped "{[/global/error]}" onto public java.lang.String com.stylefeng.guns.core.base.controller.GlobalController.errorPage()
2019-07-18 22:46:44.667  INFO 10324 --- [main] s.w.s.m.m.a.RequestMappingHandlerMapping : Mapped "{[/error]}" onto public org.springframework.http.ResponseEntity<java.util.Map<java.lang.String, java.lang.Object>> org.springframework.boot.autoconfigure.web.servlet.error.BasicErrorController.error(javax.servlet.http.HttpServletRequest)
2019-07-18 22:46:44.668  INFO 10324 --- [main] s.w.s.m.m.a.RequestMappingHandlerMapping : Mapped "{[/error],produces=[text/html]}" onto public org.springframework.web.servlet.ModelAndView org.springframework.boot.autoconfigure.web.servlet.error.BasicErrorController.errorHtml(javax.servlet.http.HttpServletRequest,javax.servlet.http.HttpServletResponse)
2019-07-18 22:46:44.709  INFO 10324 --- [main] o.s.w.s.handler.SimpleUrlHandlerMapping  : Mapped URL path [/webjars/**] onto handler of type [class org.springframework.web.servlet.resource.ResourceHttpRequestHandler]
2019-07-18 22:46:44.710  INFO 10324 --- [main] o.s.w.s.handler.SimpleUrlHandlerMapping  : Mapped URL path [/**] onto handler of type [class org.springframework.web.servlet.resource.ResourceHttpRequestHandler]
2019-07-18 22:46:44.742  INFO 10324 --- [main] .m.m.a.ExceptionHandlerExceptionResolver : Detected @ExceptionHandler methods in globalExceptionHandler
2019-07-18 22:46:45.066  INFO 10324 --- [main] o.s.j.e.a.AnnotationMBeanExporter        : Registering beans for JMX exposure on startup
2019-07-18 22:46:45.068  INFO 10324 --- [main] o.s.j.e.a.AnnotationMBeanExporter        : Bean with name 'dataSource' has been autodetected for JMX exposure
2019-07-18 22:46:45.075  INFO 10324 --- [main] o.s.j.e.a.AnnotationMBeanExporter        : Located MBean 'dataSource': registering with JMX server as MBean [com.alibaba.druid.pool:name=dataSource,type=DruidDataSource]
2019-07-18 22:46:45.119  INFO 10324 --- [main] o.s.b.w.embedded.tomcat.TomcatWebServer  : Tomcat started on port(s): 8083 (http) with context path ''
2019-07-18 22:46:45.123  INFO 10324 --- [main] c.s.guns.rest.GunsUserApplication        : Started GunsUserApplication in 5.664 seconds (JVM running for 8.084)
2019-07-18 22:50:02.796  INFO 12200 --- [main] c.s.guns.rest.GunsRestApplication        : Starting GunsRestApplication on FXGC70TFI3D3GJ4 with PID 12200 (D:\GitRemoteRepo\GitHub\project_guns\guns-rest\target\classes started by Administrator in D:\GitRemoteRepo\GitHub\project_guns)
2019-07-18 22:50:02.807 DEBUG 12200 --- [main] c.s.guns.rest.GunsRestApplication        : Running with Spring Boot v2.0.1.RELEASE, Spring v5.0.5.RELEASE
2019-07-18 22:50:02.810  INFO 12200 --- [main] c.s.guns.rest.GunsRestApplication        : No active profile set, falling back to default profiles: default
2019-07-18 22:50:02.895  INFO 12200 --- [main] ConfigServletWebServerApplicationContext : Refreshing org.springframework.boot.web.servlet.context.AnnotationConfigServletWebServerApplicationContext@5b8dfcc1: startup date [Thu Jul 18 22:50:02 CST 2019]; root of context hierarchy
2019-07-18 22:50:04.030  INFO 12200 --- [main] o.s.b.f.s.DefaultListableBeanFactory     : Overriding bean definition for bean 'error' with a different definition: replacing [Root bean: class [null]; scope=; abstract=false; lazyInit=false; autowireMode=3; dependencyCheck=0; autowireCandidate=true; primary=false; factoryBeanName=org.springframework.boot.autoconfigure.web.servlet.error.ErrorMvcAutoConfiguration$WhitelabelErrorViewConfiguration; factoryMethodName=defaultErrorView; initMethodName=null; destroyMethodName=(inferred); defined in class path resource [org/springframework/boot/autoconfigure/web/servlet/error/ErrorMvcAutoConfiguration$WhitelabelErrorViewConfiguration.class]] with [Root bean: class [null]; scope=; abstract=false; lazyInit=false; autowireMode=3; dependencyCheck=0; autowireCandidate=true; primary=false; factoryBeanName=com.stylefeng.guns.core.config.DefaultWebConfig; factoryMethodName=error; initMethodName=null; destroyMethodName=(inferred); defined in class path resource [com/stylefeng/guns/core/config/DefaultWebConfig.class]]
2019-07-18 22:50:04.032  INFO 12200 --- [main] o.s.b.f.s.DefaultListableBeanFactory     : Overriding bean definition for bean 'dataSource' with a different definition: replacing [Root bean: class [null]; scope=; abstract=false; lazyInit=false; autowireMode=3; dependencyCheck=0; autowireCandidate=true; primary=false; factoryBeanName=org.springframework.boot.autoconfigure.jdbc.DataSourceConfiguration$Hikari; factoryMethodName=dataSource; initMethodName=null; destroyMethodName=(inferred); defined in class path resource [org/springframework/boot/autoconfigure/jdbc/DataSourceConfiguration$Hikari.class]] with [Root bean: class [null]; scope=; abstract=false; lazyInit=false; autowireMode=3; dependencyCheck=0; autowireCandidate=true; primary=false; factoryBeanName=com.stylefeng.guns.core.config.SingleDataSourceConfig; factoryMethodName=dataSource; initMethodName=null; destroyMethodName=(inferred); defined in class path resource [com/stylefeng/guns/core/config/SingleDataSourceConfig.class]]
2019-07-18 22:50:04.033  INFO 12200 --- [main] o.s.b.f.s.DefaultListableBeanFactory     : Overriding bean definition for bean 'paginationInterceptor' with a different definition: replacing [Root bean: class [null]; scope=; abstract=false; lazyInit=false; autowireMode=3; dependencyCheck=0; autowireCandidate=true; primary=false; factoryBeanName=mybatisPlusConfig; factoryMethodName=paginationInterceptor; initMethodName=null; destroyMethodName=(inferred); defined in class path resource [com/stylefeng/guns/rest/config/MybatisPlusConfig.class]] with [Root bean: class [null]; scope=; abstract=false; lazyInit=false; autowireMode=3; dependencyCheck=0; autowireCandidate=true; primary=false; factoryBeanName=com.stylefeng.guns.core.config.SingleDataSourceConfig; factoryMethodName=paginationInterceptor; initMethodName=null; destroyMethodName=(inferred); defined in class path resource [com/stylefeng/guns/core/config/SingleDataSourceConfig.class]]
2019-07-18 22:50:04.045  WARN 12200 --- [main] o.m.s.mapper.ClassPathMapperScanner      : No MyBatis mapper was found in '[com.stylefeng.guns.modular.*.dao]' package. Please check your configuration.
2019-07-18 22:50:04.854  INFO 12200 --- [main] o.s.b.w.embedded.tomcat.TomcatWebServer  : Tomcat initialized with port(s): 8080 (http)
2019-07-18 22:50:04.887  INFO 12200 --- [main] o.apache.catalina.core.StandardService   : Starting service [Tomcat]
2019-07-18 22:50:04.888  INFO 12200 --- [main] org.apache.catalina.core.StandardEngine  : Starting Servlet Engine: Apache Tomcat/8.5.29
2019-07-18 22:50:04.894  INFO 12200 --- [localhost-startStop-1] o.a.catalina.core.AprLifecycleListener   : The APR based Apache Tomcat Native library which allows optimal performance in production environments was not found on the java.library.path: [D:\JAVA\jdk1.8.0_111\bin;C:\Windows\Sun\Java\bin;C:\Windows\system32;C:\Windows;D:\Xshell 6\;C:\Windows\system32;C:\Windows;C:\Windows\System32\Wbem;C:\Windows\System32\WindowsPowerShell\v1.0\;C:\Windows\System32\OpenSSH\;D:\JAVA\jdk1.8.0_111\bin;C:\Program Files\MySQL\MySQL Server 5.7\bin;D:\Git\cmd;D:\nodejs\;C:\Users\Administrator\AppData\Local\Microsoft\WindowsApps;D:\IntelliJ IDEA 2018.3.5\bin;;C:\Program Files (x86)\Tencent\WeChat;C:\Program Files\MySQL\MySQL Server 5.7\bin;D:\apache-maven-3.6.1\bin;C:\Users\Administrator\AppData\Roaming\npm;.]
2019-07-18 22:50:05.065  INFO 12200 --- [localhost-startStop-1] o.a.c.c.C.[Tomcat].[localhost].[/]       : Initializing Spring embedded WebApplicationContext
2019-07-18 22:50:05.066  INFO 12200 --- [localhost-startStop-1] o.s.web.context.ContextLoader            : Root WebApplicationContext: initialization completed in 2171 ms
2019-07-18 22:50:05.403  INFO 12200 --- [localhost-startStop-1] o.s.b.w.servlet.ServletRegistrationBean  : Servlet dispatcherServlet mapped to [/]
2019-07-18 22:50:05.416  INFO 12200 --- [localhost-startStop-1] o.s.b.w.servlet.FilterRegistrationBean   : Mapping filter: 'characterEncodingFilter' to: [/*]
2019-07-18 22:50:05.418  INFO 12200 --- [localhost-startStop-1] o.s.b.w.servlet.FilterRegistrationBean   : Mapping filter: 'hiddenHttpMethodFilter' to: [/*]
2019-07-18 22:50:05.419  INFO 12200 --- [localhost-startStop-1] o.s.b.w.servlet.FilterRegistrationBean   : Mapping filter: 'httpPutFormContentFilter' to: [/*]
2019-07-18 22:50:05.419  INFO 12200 --- [localhost-startStop-1] o.s.b.w.servlet.FilterRegistrationBean   : Mapping filter: 'requestContextFilter' to: [/*]
2019-07-18 22:50:06.491  INFO 12200 --- [main] com.alibaba.druid.pool.DruidDataSource   : {dataSource-1} inited
2019-07-18 22:50:07.197  INFO 12200 --- [main] s.w.s.m.m.a.RequestMappingHandlerAdapter : Looking for @ControllerAdvice: org.springframework.boot.web.servlet.context.AnnotationConfigServletWebServerApplicationContext@5b8dfcc1: startup date [Thu Jul 18 22:50:02 CST 2019]; root of context hierarchy
2019-07-18 22:50:07.284  INFO 12200 --- [main] o.s.w.s.handler.SimpleUrlHandlerMapping  : Mapped URL path [/**/favicon.ico] onto handler of type [class org.springframework.web.servlet.resource.ResourceHttpRequestHandler]
2019-07-18 22:50:07.331  INFO 12200 --- [main] s.w.s.m.m.a.RequestMappingHandlerMapping : Mapped "{[/auth]}" onto public org.springframework.http.ResponseEntity<?> com.stylefeng.guns.rest.modular.auth.controller.AuthController.createAuthenticationToken(com.stylefeng.guns.rest.modular.auth.controller.dto.AuthRequest)
2019-07-18 22:50:07.333  INFO 12200 --- [main] s.w.s.m.m.a.RequestMappingHandlerMapping : Mapped "{[/hello]}" onto public org.springframework.http.ResponseEntity com.stylefeng.guns.rest.modular.example.ExampleController.hello(com.stylefeng.guns.rest.common.SimpleObject)
2019-07-18 22:50:07.334  INFO 12200 --- [main] s.w.s.m.m.a.RequestMappingHandlerMapping : Mapped "{[/product/getProductById]}" onto public com.stylefeng.guns.rest.common.persistence.model.Product com.stylefeng.guns.rest.modular.product.controller.ProductController.getProductById(java.lang.Integer)
2019-07-18 22:50:07.335  INFO 12200 --- [main] s.w.s.m.m.a.RequestMappingHandlerMapping : Mapped "{[/global/error]}" onto public java.lang.String com.stylefeng.guns.core.base.controller.GlobalController.errorPage()
2019-07-18 22:50:07.335  INFO 12200 --- [main] s.w.s.m.m.a.RequestMappingHandlerMapping : Mapped "{[/global/sessionError]}" onto public java.lang.String com.stylefeng.guns.core.base.controller.GlobalController.errorPageInfo(org.springframework.ui.Model)
2019-07-18 22:50:07.338  INFO 12200 --- [main] s.w.s.m.m.a.RequestMappingHandlerMapping : Mapped "{[/error]}" onto public org.springframework.http.ResponseEntity<java.util.Map<java.lang.String, java.lang.Object>> org.springframework.boot.autoconfigure.web.servlet.error.BasicErrorController.error(javax.servlet.http.HttpServletRequest)
2019-07-18 22:50:07.339  INFO 12200 --- [main] s.w.s.m.m.a.RequestMappingHandlerMapping : Mapped "{[/error],produces=[text/html]}" onto public org.springframework.web.servlet.ModelAndView org.springframework.boot.autoconfigure.web.servlet.error.BasicErrorController.errorHtml(javax.servlet.http.HttpServletRequest,javax.servlet.http.HttpServletResponse)
2019-07-18 22:50:07.373  INFO 12200 --- [main] o.s.w.s.handler.SimpleUrlHandlerMapping  : Mapped URL path [/webjars/**] onto handler of type [class org.springframework.web.servlet.resource.ResourceHttpRequestHandler]
2019-07-18 22:50:07.373  INFO 12200 --- [main] o.s.w.s.handler.SimpleUrlHandlerMapping  : Mapped URL path [/**] onto handler of type [class org.springframework.web.servlet.resource.ResourceHttpRequestHandler]
2019-07-18 22:50:07.392  INFO 12200 --- [main] .m.m.a.ExceptionHandlerExceptionResolver : Detected @ExceptionHandler methods in globalExceptionHandler
2019-07-18 22:50:07.706  INFO 12200 --- [main] o.s.j.e.a.AnnotationMBeanExporter        : Registering beans for JMX exposure on startup
2019-07-18 22:50:07.708  INFO 12200 --- [main] o.s.j.e.a.AnnotationMBeanExporter        : Bean with name 'dataSource' has been autodetected for JMX exposure
2019-07-18 22:50:07.714  INFO 12200 --- [main] o.s.j.e.a.AnnotationMBeanExporter        : Located MBean 'dataSource': registering with JMX server as MBean [com.alibaba.druid.pool:name=dataSource,type=DruidDataSource]
2019-07-18 22:50:07.744 ERROR 12200 --- [main] o.apache.catalina.core.StandardService   : Failed to start connector [Connector[HTTP/1.1-8080]]

org.apache.catalina.LifecycleException: Failed to start component [Connector[HTTP/1.1-8080]]
	at org.apache.catalina.util.LifecycleBase.start(LifecycleBase.java:167) ~[tomcat-embed-core-8.5.29.jar:8.5.29]
	at org.apache.catalina.core.StandardService.addConnector(StandardService.java:225) ~[tomcat-embed-core-8.5.29.jar:8.5.29]
	at org.springframework.boot.web.embedded.tomcat.TomcatWebServer.addPreviouslyRemovedConnectors(TomcatWebServer.java:256) [spring-boot-2.0.1.RELEASE.jar:2.0.1.RELEASE]
	at org.springframework.boot.web.embedded.tomcat.TomcatWebServer.start(TomcatWebServer.java:198) [spring-boot-2.0.1.RELEASE.jar:2.0.1.RELEASE]
	at org.springframework.boot.web.servlet.context.ServletWebServerApplicationContext.startWebServer(ServletWebServerApplicationContext.java:300) [spring-boot-2.0.1.RELEASE.jar:2.0.1.RELEASE]
	at org.springframework.boot.web.servlet.context.ServletWebServerApplicationContext.finishRefresh(ServletWebServerApplicationContext.java:162) [spring-boot-2.0.1.RELEASE.jar:2.0.1.RELEASE]
	at org.springframework.context.support.AbstractApplicationContext.refresh(AbstractApplicationContext.java:553) [spring-context-5.0.5.RELEASE.jar:5.0.5.RELEASE]
	at org.springframework.boot.web.servlet.context.ServletWebServerApplicationContext.refresh(ServletWebServerApplicationContext.java:140) [spring-boot-2.0.1.RELEASE.jar:2.0.1.RELEASE]
	at org.springframework.boot.SpringApplication.refresh(SpringApplication.java:759) [spring-boot-2.0.1.RELEASE.jar:2.0.1.RELEASE]
	at org.springframework.boot.SpringApplication.refreshContext(SpringApplication.java:395) [spring-boot-2.0.1.RELEASE.jar:2.0.1.RELEASE]
	at org.springframework.boot.SpringApplication.run(SpringApplication.java:327) [spring-boot-2.0.1.RELEASE.jar:2.0.1.RELEASE]
	at org.springframework.boot.SpringApplication.run(SpringApplication.java:1255) [spring-boot-2.0.1.RELEASE.jar:2.0.1.RELEASE]
	at org.springframework.boot.SpringApplication.run(SpringApplication.java:1243) [spring-boot-2.0.1.RELEASE.jar:2.0.1.RELEASE]
	at com.stylefeng.guns.rest.GunsRestApplication.main(GunsRestApplication.java:10) [classes/:na]
Caused by: org.apache.catalina.LifecycleException: Protocol handler start failed
	at org.apache.catalina.connector.Connector.startInternal(Connector.java:1020) ~[tomcat-embed-core-8.5.29.jar:8.5.29]
	at org.apache.catalina.util.LifecycleBase.start(LifecycleBase.java:150) ~[tomcat-embed-core-8.5.29.jar:8.5.29]
	... 13 common frames omitted
Caused by: java.net.BindException: Address already in use: bind
	at sun.nio.ch.Net.bind0(Native Method) ~[na:1.8.0_111]
	at sun.nio.ch.Net.bind(Net.java:433) ~[na:1.8.0_111]
	at sun.nio.ch.Net.bind(Net.java:425) ~[na:1.8.0_111]
	at sun.nio.ch.ServerSocketChannelImpl.bind(ServerSocketChannelImpl.java:223) ~[na:1.8.0_111]
	at sun.nio.ch.ServerSocketAdaptor.bind(ServerSocketAdaptor.java:74) ~[na:1.8.0_111]
	at org.apache.tomcat.util.net.NioEndpoint.bind(NioEndpoint.java:210) ~[tomcat-embed-core-8.5.29.jar:8.5.29]
	at org.apache.tomcat.util.net.AbstractEndpoint.start(AbstractEndpoint.java:1150) ~[tomcat-embed-core-8.5.29.jar:8.5.29]
	at org.apache.coyote.AbstractProtocol.start(AbstractProtocol.java:591) ~[tomcat-embed-core-8.5.29.jar:8.5.29]
	at org.apache.catalina.connector.Connector.startInternal(Connector.java:1018) ~[tomcat-embed-core-8.5.29.jar:8.5.29]
	... 14 common frames omitted

2019-07-18 22:50:07.753  INFO 12200 --- [main] o.apache.catalina.core.StandardService   : Stopping service [Tomcat]
2019-07-18 22:50:07.779  INFO 12200 --- [main] ConditionEvaluationReportLoggingListener : 

Error starting ApplicationContext. To display the conditions report re-run your application with 'debug' enabled.
2019-07-18 22:50:07.790 ERROR 12200 --- [main] o.s.b.d.LoggingFailureAnalysisReporter   : 

***************************
APPLICATION FAILED TO START
***************************

Description:

The Tomcat connector configured to listen on port 8080 failed to start. The port may already be in use or the connector may be misconfigured.

Action:

Verify the connector's configuration, identify and stop any process that's listening on port 8080, or configure this application to listen on another port.

2019-07-18 22:50:07.793  INFO 12200 --- [main] ConfigServletWebServerApplicationContext : Closing org.springframework.boot.web.servlet.context.AnnotationConfigServletWebServerApplicationContext@5b8dfcc1: startup date [Thu Jul 18 22:50:02 CST 2019]; root of context hierarchy
2019-07-18 22:50:07.797  INFO 12200 --- [main] o.s.j.e.a.AnnotationMBeanExporter        : Unregistering JMX-exposed beans on shutdown
2019-07-18 22:50:07.799  INFO 12200 --- [main] o.s.j.e.a.AnnotationMBeanExporter        : Unregistering JMX-exposed beans
2019-07-18 22:50:07.810  INFO 12200 --- [main] com.alibaba.druid.pool.DruidDataSource   : {dataSource-1} closed
2019-07-18 22:54:19.757  INFO 10568 --- [main] c.s.guns.rest.GunsRestApplication        : Starting GunsRestApplication on FXGC70TFI3D3GJ4 with PID 10568 (D:\GitRemoteRepo\GitHub\project_guns\guns-rest\target\classes started by Administrator in D:\GitRemoteRepo\GitHub\project_guns)
2019-07-18 22:54:19.762 DEBUG 10568 --- [main] c.s.guns.rest.GunsRestApplication        : Running with Spring Boot v2.0.1.RELEASE, Spring v5.0.5.RELEASE
2019-07-18 22:54:19.765  INFO 10568 --- [main] c.s.guns.rest.GunsRestApplication        : No active profile set, falling back to default profiles: default
2019-07-18 22:54:19.897  INFO 10568 --- [main] ConfigServletWebServerApplicationContext : Refreshing org.springframework.boot.web.servlet.context.AnnotationConfigServletWebServerApplicationContext@72967906: startup date [Thu Jul 18 22:54:19 CST 2019]; root of context hierarchy
2019-07-18 22:54:20.775  INFO 10568 --- [main] o.s.b.f.s.DefaultListableBeanFactory     : Overriding bean definition for bean 'error' with a different definition: replacing [Root bean: class [null]; scope=; abstract=false; lazyInit=false; autowireMode=3; dependencyCheck=0; autowireCandidate=true; primary=false; factoryBeanName=org.springframework.boot.autoconfigure.web.servlet.error.ErrorMvcAutoConfiguration$WhitelabelErrorViewConfiguration; factoryMethodName=defaultErrorView; initMethodName=null; destroyMethodName=(inferred); defined in class path resource [org/springframework/boot/autoconfigure/web/servlet/error/ErrorMvcAutoConfiguration$WhitelabelErrorViewConfiguration.class]] with [Root bean: class [null]; scope=; abstract=false; lazyInit=false; autowireMode=3; dependencyCheck=0; autowireCandidate=true; primary=false; factoryBeanName=com.stylefeng.guns.core.config.DefaultWebConfig; factoryMethodName=error; initMethodName=null; destroyMethodName=(inferred); defined in class path resource [com/stylefeng/guns/core/config/DefaultWebConfig.class]]
2019-07-18 22:54:20.785  INFO 10568 --- [main] o.s.b.f.s.DefaultListableBeanFactory     : Overriding bean definition for bean 'dataSource' with a different definition: replacing [Root bean: class [null]; scope=; abstract=false; lazyInit=false; autowireMode=3; dependencyCheck=0; autowireCandidate=true; primary=false; factoryBeanName=org.springframework.boot.autoconfigure.jdbc.DataSourceConfiguration$Hikari; factoryMethodName=dataSource; initMethodName=null; destroyMethodName=(inferred); defined in class path resource [org/springframework/boot/autoconfigure/jdbc/DataSourceConfiguration$Hikari.class]] with [Root bean: class [null]; scope=; abstract=false; lazyInit=false; autowireMode=3; dependencyCheck=0; autowireCandidate=true; primary=false; factoryBeanName=com.stylefeng.guns.core.config.SingleDataSourceConfig; factoryMethodName=dataSource; initMethodName=null; destroyMethodName=(inferred); defined in class path resource [com/stylefeng/guns/core/config/SingleDataSourceConfig.class]]
2019-07-18 22:54:20.785  INFO 10568 --- [main] o.s.b.f.s.DefaultListableBeanFactory     : Overriding bean definition for bean 'paginationInterceptor' with a different definition: replacing [Root bean: class [null]; scope=; abstract=false; lazyInit=false; autowireMode=3; dependencyCheck=0; autowireCandidate=true; primary=false; factoryBeanName=mybatisPlusConfig; factoryMethodName=paginationInterceptor; initMethodName=null; destroyMethodName=(inferred); defined in class path resource [com/stylefeng/guns/rest/config/MybatisPlusConfig.class]] with [Root bean: class [null]; scope=; abstract=false; lazyInit=false; autowireMode=3; dependencyCheck=0; autowireCandidate=true; primary=false; factoryBeanName=com.stylefeng.guns.core.config.SingleDataSourceConfig; factoryMethodName=paginationInterceptor; initMethodName=null; destroyMethodName=(inferred); defined in class path resource [com/stylefeng/guns/core/config/SingleDataSourceConfig.class]]
2019-07-18 22:54:20.793  WARN 10568 --- [main] o.m.s.mapper.ClassPathMapperScanner      : No MyBatis mapper was found in '[com.stylefeng.guns.modular.*.dao]' package. Please check your configuration.
2019-07-18 22:54:21.591  INFO 10568 --- [main] o.s.b.w.embedded.tomcat.TomcatWebServer  : Tomcat initialized with port(s): 8086 (http)
2019-07-18 22:54:21.627  INFO 10568 --- [main] o.apache.catalina.core.StandardService   : Starting service [Tomcat]
2019-07-18 22:54:21.627  INFO 10568 --- [main] org.apache.catalina.core.StandardEngine  : Starting Servlet Engine: Apache Tomcat/8.5.29
2019-07-18 22:54:21.633  INFO 10568 --- [localhost-startStop-1] o.a.catalina.core.AprLifecycleListener   : The APR based Apache Tomcat Native library which allows optimal performance in production environments was not found on the java.library.path: [D:\JAVA\jdk1.8.0_111\bin;C:\Windows\Sun\Java\bin;C:\Windows\system32;C:\Windows;D:\Xshell 6\;C:\Windows\system32;C:\Windows;C:\Windows\System32\Wbem;C:\Windows\System32\WindowsPowerShell\v1.0\;C:\Windows\System32\OpenSSH\;D:\JAVA\jdk1.8.0_111\bin;C:\Program Files\MySQL\MySQL Server 5.7\bin;D:\Git\cmd;D:\nodejs\;C:\Users\Administrator\AppData\Local\Microsoft\WindowsApps;D:\IntelliJ IDEA 2018.3.5\bin;;C:\Program Files (x86)\Tencent\WeChat;C:\Program Files\MySQL\MySQL Server 5.7\bin;D:\apache-maven-3.6.1\bin;C:\Users\Administrator\AppData\Roaming\npm;.]
2019-07-18 22:54:21.814  INFO 10568 --- [localhost-startStop-1] o.a.c.c.C.[Tomcat].[localhost].[/]       : Initializing Spring embedded WebApplicationContext
2019-07-18 22:54:21.814  INFO 10568 --- [localhost-startStop-1] o.s.web.context.ContextLoader            : Root WebApplicationContext: initialization completed in 1917 ms
2019-07-18 22:54:22.100  INFO 10568 --- [localhost-startStop-1] o.s.b.w.servlet.ServletRegistrationBean  : Servlet dispatcherServlet mapped to [/]
2019-07-18 22:54:22.106  INFO 10568 --- [localhost-startStop-1] o.s.b.w.servlet.FilterRegistrationBean   : Mapping filter: 'characterEncodingFilter' to: [/*]
2019-07-18 22:54:22.106  INFO 10568 --- [localhost-startStop-1] o.s.b.w.servlet.FilterRegistrationBean   : Mapping filter: 'hiddenHttpMethodFilter' to: [/*]
2019-07-18 22:54:22.106  INFO 10568 --- [localhost-startStop-1] o.s.b.w.servlet.FilterRegistrationBean   : Mapping filter: 'httpPutFormContentFilter' to: [/*]
2019-07-18 22:54:22.107  INFO 10568 --- [localhost-startStop-1] o.s.b.w.servlet.FilterRegistrationBean   : Mapping filter: 'requestContextFilter' to: [/*]
2019-07-18 22:54:22.975  INFO 10568 --- [main] com.alibaba.druid.pool.DruidDataSource   : {dataSource-1} inited
2019-07-18 22:54:23.927  INFO 10568 --- [main] s.w.s.m.m.a.RequestMappingHandlerAdapter : Looking for @ControllerAdvice: org.springframework.boot.web.servlet.context.AnnotationConfigServletWebServerApplicationContext@72967906: startup date [Thu Jul 18 22:54:19 CST 2019]; root of context hierarchy
2019-07-18 22:54:24.032  INFO 10568 --- [main] o.s.w.s.handler.SimpleUrlHandlerMapping  : Mapped URL path [/**/favicon.ico] onto handler of type [class org.springframework.web.servlet.resource.ResourceHttpRequestHandler]
2019-07-18 22:54:24.080  INFO 10568 --- [main] s.w.s.m.m.a.RequestMappingHandlerMapping : Mapped "{[/auth]}" onto public org.springframework.http.ResponseEntity<?> com.stylefeng.guns.rest.modular.auth.controller.AuthController.createAuthenticationToken(com.stylefeng.guns.rest.modular.auth.controller.dto.AuthRequest)
2019-07-18 22:54:24.082  INFO 10568 --- [main] s.w.s.m.m.a.RequestMappingHandlerMapping : Mapped "{[/hello]}" onto public org.springframework.http.ResponseEntity com.stylefeng.guns.rest.modular.example.ExampleController.hello(com.stylefeng.guns.rest.common.SimpleObject)
2019-07-18 22:54:24.082  INFO 10568 --- [main] s.w.s.m.m.a.RequestMappingHandlerMapping : Mapped "{[/product/getProductById]}" onto public com.stylefeng.guns.rest.common.persistence.model.Product com.stylefeng.guns.rest.modular.product.controller.ProductController.getProductById(java.lang.Integer)
2019-07-18 22:54:24.083  INFO 10568 --- [main] s.w.s.m.m.a.RequestMappingHandlerMapping : Mapped "{[/global/error]}" onto public java.lang.String com.stylefeng.guns.core.base.controller.GlobalController.errorPage()
2019-07-18 22:54:24.084  INFO 10568 --- [main] s.w.s.m.m.a.RequestMappingHandlerMapping : Mapped "{[/global/sessionError]}" onto public java.lang.String com.stylefeng.guns.core.base.controller.GlobalController.errorPageInfo(org.springframework.ui.Model)
2019-07-18 22:54:24.086  INFO 10568 --- [main] s.w.s.m.m.a.RequestMappingHandlerMapping : Mapped "{[/error]}" onto public org.springframework.http.ResponseEntity<java.util.Map<java.lang.String, java.lang.Object>> org.springframework.boot.autoconfigure.web.servlet.error.BasicErrorController.error(javax.servlet.http.HttpServletRequest)
2019-07-18 22:54:24.088  INFO 10568 --- [main] s.w.s.m.m.a.RequestMappingHandlerMapping : Mapped "{[/error],produces=[text/html]}" onto public org.springframework.web.servlet.ModelAndView org.springframework.boot.autoconfigure.web.servlet.error.BasicErrorController.errorHtml(javax.servlet.http.HttpServletRequest,javax.servlet.http.HttpServletResponse)
2019-07-18 22:54:24.133  INFO 10568 --- [main] o.s.w.s.handler.SimpleUrlHandlerMapping  : Mapped URL path [/webjars/**] onto handler of type [class org.springframework.web.servlet.resource.ResourceHttpRequestHandler]
2019-07-18 22:54:24.134  INFO 10568 --- [main] o.s.w.s.handler.SimpleUrlHandlerMapping  : Mapped URL path [/**] onto handler of type [class org.springframework.web.servlet.resource.ResourceHttpRequestHandler]
2019-07-18 22:54:24.154  INFO 10568 --- [main] .m.m.a.ExceptionHandlerExceptionResolver : Detected @ExceptionHandler methods in globalExceptionHandler
2019-07-18 22:54:24.463  INFO 10568 --- [main] o.s.j.e.a.AnnotationMBeanExporter        : Registering beans for JMX exposure on startup
2019-07-18 22:54:24.465  INFO 10568 --- [main] o.s.j.e.a.AnnotationMBeanExporter        : Bean with name 'dataSource' has been autodetected for JMX exposure
2019-07-18 22:54:24.471  INFO 10568 --- [main] o.s.j.e.a.AnnotationMBeanExporter        : Located MBean 'dataSource': registering with JMX server as MBean [com.alibaba.druid.pool:name=dataSource,type=DruidDataSource]
2019-07-18 22:54:24.517  INFO 10568 --- [main] o.s.b.w.embedded.tomcat.TomcatWebServer  : Tomcat started on port(s): 8086 (http) with context path ''
2019-07-18 22:54:24.522  INFO 10568 --- [main] c.s.guns.rest.GunsRestApplication        : Started GunsRestApplication in 5.513 seconds (JVM running for 7.701)
2019-07-18 23:05:25.976  INFO 13648 --- [main] c.s.guns.rest.GunsRestApplication        : Starting GunsRestApplication on FXGC70TFI3D3GJ4 with PID 13648 (D:\GitRemoteRepo\GitHub\project_guns\guns-rest\target\classes started by Administrator in D:\GitRemoteRepo\GitHub\project_guns)
2019-07-18 23:05:25.983 DEBUG 13648 --- [main] c.s.guns.rest.GunsRestApplication        : Running with Spring Boot v2.0.1.RELEASE, Spring v5.0.5.RELEASE
2019-07-18 23:05:25.986  INFO 13648 --- [main] c.s.guns.rest.GunsRestApplication        : No active profile set, falling back to default profiles: default
2019-07-18 23:05:26.086  INFO 13648 --- [main] ConfigServletWebServerApplicationContext : Refreshing org.springframework.boot.web.servlet.context.AnnotationConfigServletWebServerApplicationContext@72967906: startup date [Thu Jul 18 23:05:26 CST 2019]; root of context hierarchy
2019-07-18 23:05:27.395  INFO 13648 --- [main] o.s.b.f.s.DefaultListableBeanFactory     : Overriding bean definition for bean 'error' with a different definition: replacing [Root bean: class [null]; scope=; abstract=false; lazyInit=false; autowireMode=3; dependencyCheck=0; autowireCandidate=true; primary=false; factoryBeanName=org.springframework.boot.autoconfigure.web.servlet.error.ErrorMvcAutoConfiguration$WhitelabelErrorViewConfiguration; factoryMethodName=defaultErrorView; initMethodName=null; destroyMethodName=(inferred); defined in class path resource [org/springframework/boot/autoconfigure/web/servlet/error/ErrorMvcAutoConfiguration$WhitelabelErrorViewConfiguration.class]] with [Root bean: class [null]; scope=; abstract=false; lazyInit=false; autowireMode=3; dependencyCheck=0; autowireCandidate=true; primary=false; factoryBeanName=com.stylefeng.guns.core.config.DefaultWebConfig; factoryMethodName=error; initMethodName=null; destroyMethodName=(inferred); defined in class path resource [com/stylefeng/guns/core/config/DefaultWebConfig.class]]
2019-07-18 23:05:27.397  INFO 13648 --- [main] o.s.b.f.s.DefaultListableBeanFactory     : Overriding bean definition for bean 'dataSource' with a different definition: replacing [Root bean: class [null]; scope=; abstract=false; lazyInit=false; autowireMode=3; dependencyCheck=0; autowireCandidate=true; primary=false; factoryBeanName=org.springframework.boot.autoconfigure.jdbc.DataSourceConfiguration$Hikari; factoryMethodName=dataSource; initMethodName=null; destroyMethodName=(inferred); defined in class path resource [org/springframework/boot/autoconfigure/jdbc/DataSourceConfiguration$Hikari.class]] with [Root bean: class [null]; scope=; abstract=false; lazyInit=false; autowireMode=3; dependencyCheck=0; autowireCandidate=true; primary=false; factoryBeanName=com.stylefeng.guns.core.config.SingleDataSourceConfig; factoryMethodName=dataSource; initMethodName=null; destroyMethodName=(inferred); defined in class path resource [com/stylefeng/guns/core/config/SingleDataSourceConfig.class]]
2019-07-18 23:05:27.397  INFO 13648 --- [main] o.s.b.f.s.DefaultListableBeanFactory     : Overriding bean definition for bean 'paginationInterceptor' with a different definition: replacing [Root bean: class [null]; scope=; abstract=false; lazyInit=false; autowireMode=3; dependencyCheck=0; autowireCandidate=true; primary=false; factoryBeanName=mybatisPlusConfig; factoryMethodName=paginationInterceptor; initMethodName=null; destroyMethodName=(inferred); defined in class path resource [com/stylefeng/guns/rest/config/MybatisPlusConfig.class]] with [Root bean: class [null]; scope=; abstract=false; lazyInit=false; autowireMode=3; dependencyCheck=0; autowireCandidate=true; primary=false; factoryBeanName=com.stylefeng.guns.core.config.SingleDataSourceConfig; factoryMethodName=paginationInterceptor; initMethodName=null; destroyMethodName=(inferred); defined in class path resource [com/stylefeng/guns/core/config/SingleDataSourceConfig.class]]
2019-07-18 23:05:27.410  WARN 13648 --- [main] o.m.s.mapper.ClassPathMapperScanner      : No MyBatis mapper was found in '[com.stylefeng.guns.modular.*.dao]' package. Please check your configuration.
2019-07-18 23:05:28.395  INFO 13648 --- [main] o.s.b.w.embedded.tomcat.TomcatWebServer  : Tomcat initialized with port(s): 8086 (http)
2019-07-18 23:05:28.427  INFO 13648 --- [main] o.apache.catalina.core.StandardService   : Starting service [Tomcat]
2019-07-18 23:05:28.427  INFO 13648 --- [main] org.apache.catalina.core.StandardEngine  : Starting Servlet Engine: Apache Tomcat/8.5.29
2019-07-18 23:05:28.432  INFO 13648 --- [localhost-startStop-1] o.a.catalina.core.AprLifecycleListener   : The APR based Apache Tomcat Native library which allows optimal performance in production environments was not found on the java.library.path: [D:\JAVA\jdk1.8.0_111\bin;C:\Windows\Sun\Java\bin;C:\Windows\system32;C:\Windows;D:\Xshell 6\;C:\Windows\system32;C:\Windows;C:\Windows\System32\Wbem;C:\Windows\System32\WindowsPowerShell\v1.0\;C:\Windows\System32\OpenSSH\;D:\JAVA\jdk1.8.0_111\bin;C:\Program Files\MySQL\MySQL Server 5.7\bin;D:\Git\cmd;D:\nodejs\;C:\Users\Administrator\AppData\Local\Microsoft\WindowsApps;D:\IntelliJ IDEA 2018.3.5\bin;;C:\Program Files (x86)\Tencent\WeChat;C:\Program Files\MySQL\MySQL Server 5.7\bin;D:\apache-maven-3.6.1\bin;C:\Users\Administrator\AppData\Roaming\npm;.]
2019-07-18 23:05:28.603  INFO 13648 --- [localhost-startStop-1] o.a.c.c.C.[Tomcat].[localhost].[/]       : Initializing Spring embedded WebApplicationContext
2019-07-18 23:05:28.604  INFO 13648 --- [localhost-startStop-1] o.s.web.context.ContextLoader            : Root WebApplicationContext: initialization completed in 2518 ms
2019-07-18 23:05:28.872  INFO 13648 --- [localhost-startStop-1] o.s.b.w.servlet.ServletRegistrationBean  : Servlet dispatcherServlet mapped to [/]
2019-07-18 23:05:28.878  INFO 13648 --- [localhost-startStop-1] o.s.b.w.servlet.FilterRegistrationBean   : Mapping filter: 'characterEncodingFilter' to: [/*]
2019-07-18 23:05:28.878  INFO 13648 --- [localhost-startStop-1] o.s.b.w.servlet.FilterRegistrationBean   : Mapping filter: 'hiddenHttpMethodFilter' to: [/*]
2019-07-18 23:05:28.878  INFO 13648 --- [localhost-startStop-1] o.s.b.w.servlet.FilterRegistrationBean   : Mapping filter: 'httpPutFormContentFilter' to: [/*]
2019-07-18 23:05:28.879  INFO 13648 --- [localhost-startStop-1] o.s.b.w.servlet.FilterRegistrationBean   : Mapping filter: 'requestContextFilter' to: [/*]
2019-07-18 23:05:29.702  INFO 13648 --- [main] com.alibaba.druid.pool.DruidDataSource   : {dataSource-1} inited
2019-07-18 23:05:30.636  INFO 13648 --- [main] s.w.s.m.m.a.RequestMappingHandlerAdapter : Looking for @ControllerAdvice: org.springframework.boot.web.servlet.context.AnnotationConfigServletWebServerApplicationContext@72967906: startup date [Thu Jul 18 23:05:26 CST 2019]; root of context hierarchy
2019-07-18 23:05:30.764  INFO 13648 --- [main] o.s.w.s.handler.SimpleUrlHandlerMapping  : Mapped URL path [/**/favicon.ico] onto handler of type [class org.springframework.web.servlet.resource.ResourceHttpRequestHandler]
2019-07-18 23:05:30.827  INFO 13648 --- [main] s.w.s.m.m.a.RequestMappingHandlerMapping : Mapped "{[/auth]}" onto public org.springframework.http.ResponseEntity<?> com.stylefeng.guns.rest.modular.auth.controller.AuthController.createAuthenticationToken(com.stylefeng.guns.rest.modular.auth.controller.dto.AuthRequest)
2019-07-18 23:05:30.829  INFO 13648 --- [main] s.w.s.m.m.a.RequestMappingHandlerMapping : Mapped "{[/hello]}" onto public org.springframework.http.ResponseEntity com.stylefeng.guns.rest.modular.example.ExampleController.hello(com.stylefeng.guns.rest.common.SimpleObject)
2019-07-18 23:05:30.831  INFO 13648 --- [main] s.w.s.m.m.a.RequestMappingHandlerMapping : Mapped "{[/product/getProductById]}" onto public com.stylefeng.guns.rest.common.persistence.model.Product com.stylefeng.guns.rest.modular.product.controller.ProductController.getProductById(java.lang.Integer)
2019-07-18 23:05:30.832  INFO 13648 --- [main] s.w.s.m.m.a.RequestMappingHandlerMapping : Mapped "{[/global/error]}" onto public java.lang.String com.stylefeng.guns.core.base.controller.GlobalController.errorPage()
2019-07-18 23:05:30.833  INFO 13648 --- [main] s.w.s.m.m.a.RequestMappingHandlerMapping : Mapped "{[/global/sessionError]}" onto public java.lang.String com.stylefeng.guns.core.base.controller.GlobalController.errorPageInfo(org.springframework.ui.Model)
2019-07-18 23:05:30.837  INFO 13648 --- [main] s.w.s.m.m.a.RequestMappingHandlerMapping : Mapped "{[/error]}" onto public org.springframework.http.ResponseEntity<java.util.Map<java.lang.String, java.lang.Object>> org.springframework.boot.autoconfigure.web.servlet.error.BasicErrorController.error(javax.servlet.http.HttpServletRequest)
2019-07-18 23:05:30.838  INFO 13648 --- [main] s.w.s.m.m.a.RequestMappingHandlerMapping : Mapped "{[/error],produces=[text/html]}" onto public org.springframework.web.servlet.ModelAndView org.springframework.boot.autoconfigure.web.servlet.error.BasicErrorController.errorHtml(javax.servlet.http.HttpServletRequest,javax.servlet.http.HttpServletResponse)
2019-07-18 23:05:30.895  INFO 13648 --- [main] o.s.w.s.handler.SimpleUrlHandlerMapping  : Mapped URL path [/webjars/**] onto handler of type [class org.springframework.web.servlet.resource.ResourceHttpRequestHandler]
2019-07-18 23:05:30.895  INFO 13648 --- [main] o.s.w.s.handler.SimpleUrlHandlerMapping  : Mapped URL path [/**] onto handler of type [class org.springframework.web.servlet.resource.ResourceHttpRequestHandler]
2019-07-18 23:05:30.924  INFO 13648 --- [main] .m.m.a.ExceptionHandlerExceptionResolver : Detected @ExceptionHandler methods in globalExceptionHandler
2019-07-18 23:05:31.265  INFO 13648 --- [main] o.s.j.e.a.AnnotationMBeanExporter        : Registering beans for JMX exposure on startup
2019-07-18 23:05:31.267  INFO 13648 --- [main] o.s.j.e.a.AnnotationMBeanExporter        : Bean with name 'dataSource' has been autodetected for JMX exposure
2019-07-18 23:05:31.274  INFO 13648 --- [main] o.s.j.e.a.AnnotationMBeanExporter        : Located MBean 'dataSource': registering with JMX server as MBean [com.alibaba.druid.pool:name=dataSource,type=DruidDataSource]
2019-07-18 23:05:31.321  INFO 13648 --- [main] o.s.b.w.embedded.tomcat.TomcatWebServer  : Tomcat started on port(s): 8086 (http) with context path ''
2019-07-18 23:05:31.325  INFO 13648 --- [main] c.s.guns.rest.GunsRestApplication        : Started GunsRestApplication in 6.104 seconds (JVM running for 8.798)
2019-07-18 23:26:28.098  INFO 3212 --- [main] c.s.guns.rest.GunsCinemaApplication      : Starting GunsCinemaApplication on FXGC70TFI3D3GJ4 with PID 3212 (D:\GitRemoteRepo\GitHub\project_guns\guns-cinema\target\classes started by Administrator in D:\GitRemoteRepo\GitHub\project_guns)
2019-07-18 23:26:28.104 DEBUG 3212 --- [main] c.s.guns.rest.GunsCinemaApplication      : Running with Spring Boot v2.0.1.RELEASE, Spring v5.0.5.RELEASE
2019-07-18 23:26:28.107  INFO 3212 --- [main] c.s.guns.rest.GunsCinemaApplication      : No active profile set, falling back to default profiles: default
2019-07-18 23:26:28.203  INFO 3212 --- [main] ConfigServletWebServerApplicationContext : Refreshing org.springframework.boot.web.servlet.context.AnnotationConfigServletWebServerApplicationContext@7e6f74c: startup date [Thu Jul 18 23:26:28 CST 2019]; root of context hierarchy
2019-07-18 23:26:29.476  INFO 3212 --- [main] o.s.b.f.s.DefaultListableBeanFactory     : Overriding bean definition for bean 'error' with a different definition: replacing [Root bean: class [null]; scope=; abstract=false; lazyInit=false; autowireMode=3; dependencyCheck=0; autowireCandidate=true; primary=false; factoryBeanName=org.springframework.boot.autoconfigure.web.servlet.error.ErrorMvcAutoConfiguration$WhitelabelErrorViewConfiguration; factoryMethodName=defaultErrorView; initMethodName=null; destroyMethodName=(inferred); defined in class path resource [org/springframework/boot/autoconfigure/web/servlet/error/ErrorMvcAutoConfiguration$WhitelabelErrorViewConfiguration.class]] with [Root bean: class [null]; scope=; abstract=false; lazyInit=false; autowireMode=3; dependencyCheck=0; autowireCandidate=true; primary=false; factoryBeanName=com.stylefeng.guns.core.config.DefaultWebConfig; factoryMethodName=error; initMethodName=null; destroyMethodName=(inferred); defined in class path resource [com/stylefeng/guns/core/config/DefaultWebConfig.class]]
2019-07-18 23:26:29.478  INFO 3212 --- [main] o.s.b.f.s.DefaultListableBeanFactory     : Overriding bean definition for bean 'dataSource' with a different definition: replacing [Root bean: class [null]; scope=; abstract=false; lazyInit=false; autowireMode=3; dependencyCheck=0; autowireCandidate=true; primary=false; factoryBeanName=org.springframework.boot.autoconfigure.jdbc.DataSourceConfiguration$Hikari; factoryMethodName=dataSource; initMethodName=null; destroyMethodName=(inferred); defined in class path resource [org/springframework/boot/autoconfigure/jdbc/DataSourceConfiguration$Hikari.class]] with [Root bean: class [null]; scope=; abstract=false; lazyInit=false; autowireMode=3; dependencyCheck=0; autowireCandidate=true; primary=false; factoryBeanName=com.stylefeng.guns.core.config.SingleDataSourceConfig; factoryMethodName=dataSource; initMethodName=null; destroyMethodName=(inferred); defined in class path resource [com/stylefeng/guns/core/config/SingleDataSourceConfig.class]]
2019-07-18 23:26:29.479  INFO 3212 --- [main] o.s.b.f.s.DefaultListableBeanFactory     : Overriding bean definition for bean 'paginationInterceptor' with a different definition: replacing [Root bean: class [null]; scope=; abstract=false; lazyInit=false; autowireMode=3; dependencyCheck=0; autowireCandidate=true; primary=false; factoryBeanName=mybatisPlusConfig; factoryMethodName=paginationInterceptor; initMethodName=null; destroyMethodName=(inferred); defined in class path resource [com/stylefeng/guns/rest/config/MybatisPlusConfig.class]] with [Root bean: class [null]; scope=; abstract=false; lazyInit=false; autowireMode=3; dependencyCheck=0; autowireCandidate=true; primary=false; factoryBeanName=com.stylefeng.guns.core.config.SingleDataSourceConfig; factoryMethodName=paginationInterceptor; initMethodName=null; destroyMethodName=(inferred); defined in class path resource [com/stylefeng/guns/core/config/SingleDataSourceConfig.class]]
2019-07-18 23:26:29.487  WARN 3212 --- [main] o.m.s.mapper.ClassPathMapperScanner      : No MyBatis mapper was found in '[com.stylefeng.guns.modular.*.dao]' package. Please check your configuration.
2019-07-18 23:26:30.402  INFO 3212 --- [main] trationDelegate$BeanPostProcessorChecker : Bean 'org.springframework.boot.context.properties.ConversionServiceDeducer$Factory' of type [org.springframework.boot.context.properties.ConversionServiceDeducer$Factory] is not eligible for getting processed by all BeanPostProcessors (for example: not eligible for auto-proxying)
2019-07-18 23:26:30.417  INFO 3212 --- [main] trationDelegate$BeanPostProcessorChecker : Bean 'org.springframework.transaction.annotation.ProxyTransactionManagementConfiguration' of type [org.springframework.transaction.annotation.ProxyTransactionManagementConfiguration$$EnhancerBySpringCGLIB$$5b5d8566] is not eligible for getting processed by all BeanPostProcessors (for example: not eligible for auto-proxying)
2019-07-18 23:26:30.497  INFO 3212 --- [main] trationDelegate$BeanPostProcessorChecker : Bean 'spring.dubbo-com.alibaba.dubbo.spring.boot.DubboProperties' of type [com.alibaba.dubbo.spring.boot.DubboProperties] is not eligible for getting processed by all BeanPostProcessors (for example: not eligible for auto-proxying)
2019-07-18 23:26:30.500  INFO 3212 --- [main] trationDelegate$BeanPostProcessorChecker : Bean 'com.alibaba.dubbo.spring.boot.DubboConsumerAutoConfiguration' of type [com.alibaba.dubbo.spring.boot.DubboConsumerAutoConfiguration$$EnhancerBySpringCGLIB$$95781e88] is not eligible for getting processed by all BeanPostProcessors (for example: not eligible for auto-proxying)
2019-07-18 23:26:30.901  INFO 3212 --- [main] o.s.b.w.embedded.tomcat.TomcatWebServer  : Tomcat initialized with port(s): 8081 (http)
2019-07-18 23:26:30.934  INFO 3212 --- [main] o.apache.catalina.core.StandardService   : Starting service [Tomcat]
2019-07-18 23:26:30.934  INFO 3212 --- [main] org.apache.catalina.core.StandardEngine  : Starting Servlet Engine: Apache Tomcat/8.5.29
2019-07-18 23:26:30.940  INFO 3212 --- [localhost-startStop-1] o.a.catalina.core.AprLifecycleListener   : The APR based Apache Tomcat Native library which allows optimal performance in production environments was not found on the java.library.path: [D:\JAVA\jdk1.8.0_111\bin;C:\Windows\Sun\Java\bin;C:\Windows\system32;C:\Windows;D:\Xshell 6\;C:\Windows\system32;C:\Windows;C:\Windows\System32\Wbem;C:\Windows\System32\WindowsPowerShell\v1.0\;C:\Windows\System32\OpenSSH\;D:\JAVA\jdk1.8.0_111\bin;C:\Program Files\MySQL\MySQL Server 5.7\bin;D:\Git\cmd;D:\nodejs\;C:\Users\Administrator\AppData\Local\Microsoft\WindowsApps;D:\IntelliJ IDEA 2018.3.5\bin;;C:\Program Files (x86)\Tencent\WeChat;C:\Program Files\MySQL\MySQL Server 5.7\bin;D:\apache-maven-3.6.1\bin;C:\Users\Administrator\AppData\Roaming\npm;.]
2019-07-18 23:26:31.153  INFO 3212 --- [localhost-startStop-1] o.a.c.c.C.[Tomcat].[localhost].[/]       : Initializing Spring embedded WebApplicationContext
2019-07-18 23:26:31.153  INFO 3212 --- [localhost-startStop-1] o.s.web.context.ContextLoader            : Root WebApplicationContext: initialization completed in 2950 ms
2019-07-18 23:26:32.884  INFO 3212 --- [localhost-startStop-1] o.s.b.w.servlet.ServletRegistrationBean  : Servlet dispatcherServlet mapped to [/]
2019-07-18 23:26:32.890  INFO 3212 --- [localhost-startStop-1] o.s.b.w.servlet.FilterRegistrationBean   : Mapping filter: 'characterEncodingFilter' to: [/*]
2019-07-18 23:26:32.891  INFO 3212 --- [localhost-startStop-1] o.s.b.w.servlet.FilterRegistrationBean   : Mapping filter: 'hiddenHttpMethodFilter' to: [/*]
2019-07-18 23:26:32.891  INFO 3212 --- [localhost-startStop-1] o.s.b.w.servlet.FilterRegistrationBean   : Mapping filter: 'httpPutFormContentFilter' to: [/*]
2019-07-18 23:26:32.891  INFO 3212 --- [localhost-startStop-1] o.s.b.w.servlet.FilterRegistrationBean   : Mapping filter: 'requestContextFilter' to: [/*]
2019-07-18 23:26:32.891  INFO 3212 --- [localhost-startStop-1] o.s.b.w.servlet.FilterRegistrationBean   : Mapping filter: 'httpTraceFilter' to: [/*]
2019-07-18 23:26:32.892  INFO 3212 --- [localhost-startStop-1] o.s.b.w.servlet.FilterRegistrationBean   : Mapping filter: 'webMvcMetricsFilter' to: [/*]
2019-07-18 23:26:33.688  INFO 3212 --- [main] com.alibaba.druid.pool.DruidDataSource   : {dataSource-1} inited
2019-07-18 23:26:34.745  INFO 3212 --- [main] s.w.s.m.m.a.RequestMappingHandlerAdapter : Looking for @ControllerAdvice: org.springframework.boot.web.servlet.context.AnnotationConfigServletWebServerApplicationContext@7e6f74c: startup date [Thu Jul 18 23:26:28 CST 2019]; root of context hierarchy
2019-07-18 23:26:34.854  INFO 3212 --- [main] o.s.w.s.handler.SimpleUrlHandlerMapping  : Mapped URL path [/**/favicon.ico] onto handler of type [class org.springframework.web.servlet.resource.ResourceHttpRequestHandler]
2019-07-18 23:26:34.897  INFO 3212 --- [main] s.w.s.m.m.a.RequestMappingHandlerMapping : Mapped "{[/auth]}" onto public org.springframework.http.ResponseEntity<?> com.stylefeng.guns.rest.modular.auth.controller.AuthController.createAuthenticationToken(com.stylefeng.guns.rest.modular.auth.controller.dto.AuthRequest)
2019-07-18 23:26:34.898  INFO 3212 --- [main] s.w.s.m.m.a.RequestMappingHandlerMapping : Mapped "{[/hello]}" onto public org.springframework.http.ResponseEntity com.stylefeng.guns.rest.modular.example.ExampleController.hello(com.stylefeng.guns.rest.common.SimpleObject)
2019-07-18 23:26:34.899  INFO 3212 --- [main] s.w.s.m.m.a.RequestMappingHandlerMapping : Mapped "{[/product/getProductById]}" onto public com.stylefeng.guns.rest.common.persistence.model.Product com.stylefeng.guns.rest.modular.product.controller.ProductController.getProductById(java.lang.Integer)
2019-07-18 23:26:34.900  INFO 3212 --- [main] s.w.s.m.m.a.RequestMappingHandlerMapping : Mapped "{[/global/error]}" onto public java.lang.String com.stylefeng.guns.core.base.controller.GlobalController.errorPage()
2019-07-18 23:26:34.901  INFO 3212 --- [main] s.w.s.m.m.a.RequestMappingHandlerMapping : Mapped "{[/global/sessionError]}" onto public java.lang.String com.stylefeng.guns.core.base.controller.GlobalController.errorPageInfo(org.springframework.ui.Model)
2019-07-18 23:26:34.903  INFO 3212 --- [main] s.w.s.m.m.a.RequestMappingHandlerMapping : Mapped "{[/error]}" onto public org.springframework.http.ResponseEntity<java.util.Map<java.lang.String, java.lang.Object>> org.springframework.boot.autoconfigure.web.servlet.error.BasicErrorController.error(javax.servlet.http.HttpServletRequest)
2019-07-18 23:26:34.904  INFO 3212 --- [main] s.w.s.m.m.a.RequestMappingHandlerMapping : Mapped "{[/error],produces=[text/html]}" onto public org.springframework.web.servlet.ModelAndView org.springframework.boot.autoconfigure.web.servlet.error.BasicErrorController.errorHtml(javax.servlet.http.HttpServletRequest,javax.servlet.http.HttpServletResponse)
2019-07-18 23:26:34.947  INFO 3212 --- [main] o.s.w.s.handler.SimpleUrlHandlerMapping  : Mapped URL path [/webjars/**] onto handler of type [class org.springframework.web.servlet.resource.ResourceHttpRequestHandler]
2019-07-18 23:26:34.947  INFO 3212 --- [main] o.s.w.s.handler.SimpleUrlHandlerMapping  : Mapped URL path [/**] onto handler of type [class org.springframework.web.servlet.resource.ResourceHttpRequestHandler]
2019-07-18 23:26:34.973  INFO 3212 --- [main] .m.m.a.ExceptionHandlerExceptionResolver : Detected @ExceptionHandler methods in globalExceptionHandler
2019-07-18 23:26:35.865  INFO 3212 --- [ZkClient-EventThread-51-localhost:2181] org.I0Itec.zkclient.ZkEventThread        : Starting ZkClient event thread.
2019-07-18 23:26:44.894  INFO 3212 --- [DubboZkclientConnector] org.apache.zookeeper.ZooKeeper           : Client environment:zookeeper.version=3.4.8--1, built on 02/06/2016 03:18 GMT
2019-07-18 23:26:44.895  INFO 3212 --- [DubboZkclientConnector] org.apache.zookeeper.ZooKeeper           : Client environment:host.name=FXGC70TFI3D3GJ4
2019-07-18 23:26:44.896  INFO 3212 --- [DubboZkclientConnector] org.apache.zookeeper.ZooKeeper           : Client environment:java.version=1.8.0_111
2019-07-18 23:26:44.897  INFO 3212 --- [DubboZkclientConnector] org.apache.zookeeper.ZooKeeper           : Client environment:java.vendor=Oracle Corporation
2019-07-18 23:26:44.898  INFO 3212 --- [DubboZkclientConnector] org.apache.zookeeper.ZooKeeper           : Client environment:java.home=D:\JAVA\jdk1.8.0_111\jre
2019-07-18 23:26:44.898  INFO 3212 --- [DubboZkclientConnector] org.apache.zookeeper.ZooKeeper           : Client environment:java.class.path=D:\JAVA\jdk1.8.0_111\jre\lib\charsets.jar;D:\JAVA\jdk1.8.0_111\jre\lib\deploy.jar;D:\JAVA\jdk1.8.0_111\jre\lib\ext\access-bridge-64.jar;D:\JAVA\jdk1.8.0_111\jre\lib\ext\cldrdata.jar;D:\JAVA\jdk1.8.0_111\jre\lib\ext\dnsns.jar;D:\JAVA\jdk1.8.0_111\jre\lib\ext\jaccess.jar;D:\JAVA\jdk1.8.0_111\jre\lib\ext\jfxrt.jar;D:\JAVA\jdk1.8.0_111\jre\lib\ext\localedata.jar;D:\JAVA\jdk1.8.0_111\jre\lib\ext\nashorn.jar;D:\JAVA\jdk1.8.0_111\jre\lib\ext\sunec.jar;D:\JAVA\jdk1.8.0_111\jre\lib\ext\sunjce_provider.jar;D:\JAVA\jdk1.8.0_111\jre\lib\ext\sunmscapi.jar;D:\JAVA\jdk1.8.0_111\jre\lib\ext\sunpkcs11.jar;D:\JAVA\jdk1.8.0_111\jre\lib\ext\zipfs.jar;D:\JAVA\jdk1.8.0_111\jre\lib\javaws.jar;D:\JAVA\jdk1.8.0_111\jre\lib\jce.jar;D:\JAVA\jdk1.8.0_111\jre\lib\jfr.jar;D:\JAVA\jdk1.8.0_111\jre\lib\jfxswt.jar;D:\JAVA\jdk1.8.0_111\jre\lib\jsse.jar;D:\JAVA\jdk1.8.0_111\jre\lib\management-agent.jar;D:\JAVA\jdk1.8.0_111\jre\lib\plugin.jar;D:\JAVA\jdk1.8.0_111\jre\lib\resources.jar;D:\JAVA\jdk1.8.0_111\jre\lib\rt.jar;D:\GitRemoteRepo\GitHub\project_guns\guns-cinema\target\classes;D:\repository\org\springframework\boot\spring-boot-starter-web\2.0.1.RELEASE\spring-boot-starter-web-2.0.1.RELEASE.jar;D:\repository\org\springframework\boot\spring-boot-starter\2.0.1.RELEASE\spring-boot-starter-2.0.1.RELEASE.jar;D:\repository\org\springframework\boot\spring-boot\2.0.1.RELEASE\spring-boot-2.0.1.RELEASE.jar;D:\repository\org\springframework\boot\spring-boot-autoconfigure\2.0.1.RELEASE\spring-boot-autoconfigure-2.0.1.RELEASE.jar;D:\repository\org\springframework\boot\spring-boot-starter-logging\2.0.1.RELEASE\spring-boot-starter-logging-2.0.1.RELEASE.jar;D:\repository\ch\qos\logback\logback-classic\1.2.3\logback-classic-1.2.3.jar;D:\repository\ch\qos\logback\logback-core\1.2.3\logback-core-1.2.3.jar;D:\repository\org\apache\logging\log4j\log4j-to-slf4j\2.10.0\log4j-to-slf4j-2.10.0.jar;D:\repository\org\apache\logging\log4j\log4j-api\2.10.0\log4j-api-2.10.0.jar;D:\repository\org\slf4j\jul-to-slf4j\1.7.25\jul-to-slf4j-1.7.25.jar;D:\repository\javax\annotation\javax.annotation-api\1.3.2\javax.annotation-api-1.3.2.jar;D:\repository\org\yaml\snakeyaml\1.19\snakeyaml-1.19.jar;D:\repository\org\springframework\boot\spring-boot-starter-json\2.0.1.RELEASE\spring-boot-starter-json-2.0.1.RELEASE.jar;D:\repository\com\fasterxml\jackson\datatype\jackson-datatype-jdk8\2.9.5\jackson-datatype-jdk8-2.9.5.jar;D:\repository\com\fasterxml\jackson\datatype\jackson-datatype-jsr310\2.9.5\jackson-datatype-jsr310-2.9.5.jar;D:\repository\com\fasterxml\jackson\module\jackson-module-parameter-names\2.9.5\jackson-module-parameter-names-2.9.5.jar;D:\repository\org\springframework\boot\spring-boot-starter-tomcat\2.0.1.RELEASE\spring-boot-starter-tomcat-2.0.1.RELEASE.jar;D:\repository\org\apache\tomcat\embed\tomcat-embed-core\8.5.29\tomcat-embed-core-8.5.29.jar;D:\repository\org\apache\tomcat\embed\tomcat-embed-el\8.5.29\tomcat-embed-el-8.5.29.jar;D:\repository\org\apache\tomcat\embed\tomcat-embed-websocket\8.5.29\tomcat-embed-websocket-8.5.29.jar;D:\repository\org\hibernate\validator\hibernate-validator\6.0.9.Final\hibernate-validator-6.0.9.Final.jar;D:\repository\javax\validation\validation-api\2.0.1.Final\validation-api-2.0.1.Final.jar;D:\repository\org\jboss\logging\jboss-logging\3.3.2.Final\jboss-logging-3.3.2.Final.jar;D:\repository\com\fasterxml\classmate\1.3.4\classmate-1.3.4.jar;D:\repository\org\springframework\spring-web\5.0.5.RELEASE\spring-web-5.0.5.RELEASE.jar;D:\repository\org\springframework\spring-webmvc\5.0.5.RELEASE\spring-webmvc-5.0.5.RELEASE.jar;D:\repository\org\springframework\spring-aop\5.0.5.RELEASE\spring-aop-5.0.5.RELEASE.jar;D:\repository\org\springframework\spring-expression\5.0.5.RELEASE\spring-expression-5.0.5.RELEASE.jar;D:\repository\org\springframework\spring-core\5.0.5.RELEASE\spring-core-5.0.5.RELEASE.jar;D:\repository\org\springframework\spring-jcl\5.0.5.RELEASE\spring-jcl-5.0.5.RELEASE.jar;D:\repository\io\jsonwebtoken\jjwt\0.9.0\jjwt-0.9.0.jar;D:\repository\com\fasterxml\jackson\core\jackson-databind\2.9.5\jackson-databind-2.9.5.jar;D:\repository\com\fasterxml\jackson\core\jackson-annotations\2.9.0\jackson-annotations-2.9.0.jar;D:\repository\com\fasterxml\jackson\core\jackson-core\2.9.5\jackson-core-2.9.5.jar;D:\GitRemoteRepo\GitHub\project_guns\guns-core\target\classes;D:\repository\com\baomidou\mybatisplus-spring-boot-starter\1.0.5\mybatisplus-spring-boot-starter-1.0.5.jar;D:\repository\org\springframework\boot\spring-boot-configuration-processor\2.0.1.RELEASE\spring-boot-configuration-processor-2.0.1.RELEASE.jar;D:\repository\com\baomidou\mybatis-plus\2.3\mybatis-plus-2.3.jar;D:\repository\com\baomidou\mybatis-plus-core\2.3\mybatis-plus-core-2.3.jar;D:\repository\com\github\jsqlparser\jsqlparser\1.1\jsqlparser-1.1.jar;D:\repository\org\mybatis\mybatis-spring\1.3.2\mybatis-spring-1.3.2.jar;D:\repository\org\mybatis\mybatis\3.4.6\mybatis-3.4.6.jar;D:\repository\com\baomidou\mybatis-plus-generate\2.3\mybatis-plus-generate-2.3.jar;D:\repository\org\apache\velocity\velocity\1.7\velocity-1.7.jar;D:\repository\commons-collections\commons-collections\3.2.1\commons-collections-3.2.1.jar;D:\repository\commons-lang\commons-lang\2.4\commons-lang-2.4.jar;D:\repository\mysql\mysql-connector-java\5.1.47\mysql-connector-java-5.1.47.jar;D:\repository\org\springframework\boot\spring-boot-starter-jdbc\2.0.1.RELEASE\spring-boot-starter-jdbc-2.0.1.RELEASE.jar;D:\repository\com\zaxxer\HikariCP\2.7.8\HikariCP-2.7.8.jar;D:\repository\org\springframework\spring-jdbc\5.0.5.RELEASE\spring-jdbc-5.0.5.RELEASE.jar;D:\repository\org\springframework\spring-tx\5.0.5.RELEASE\spring-tx-5.0.5.RELEASE.jar;D:\repository\com\alibaba\druid\1.1.10\druid-1.1.10.jar;D:\repository\com\alibaba\fastjson\1.2.47\fastjson-1.2.47.jar;D:\repository\org\apache\commons\commons-lang3\3.7\commons-lang3-3.7.jar;D:\repository\log4j\log4j\1.2.17\log4j-1.2.17.jar;D:\GitRemoteRepo\GitHub\project_guns\guns-common-api\target\classes;D:\repository\com\baomidou\mybatis-plus-support\2.3.3\mybatis-plus-support-2.3.3.jar;D:\repository\com\alibaba\dubbo\2.6.0\dubbo-2.6.0.jar;D:\repository\org\springframework\spring-context\5.0.5.RELEASE\spring-context-5.0.5.RELEASE.jar;D:\repository\org\springframework\spring-beans\5.0.5.RELEASE\spring-beans-5.0.5.RELEASE.jar;D:\repository\org\javassist\javassist\3.20.0-GA\javassist-3.20.0-GA.jar;D:\repository\org\jboss\netty\netty\3.2.5.Final\netty-3.2.5.Final.jar;D:\repository\com\alibaba\spring\boot\dubbo-spring-boot-starter\2.0.0\dubbo-spring-boot-starter-2.0.0.jar;D:\repository\org\springframework\boot\spring-boot-starter-actuator\2.0.1.RELEASE\spring-boot-starter-actuator-2.0.1.RELEASE.jar;D:\repository\org\springframework\boot\spring-boot-actuator-autoconfigure\2.0.1.RELEASE\spring-boot-actuator-autoconfigure-2.0.1.RELEASE.jar;D:\repository\org\springframework\boot\spring-boot-actuator\2.0.1.RELEASE\spring-boot-actuator-2.0.1.RELEASE.jar;D:\repository\io\micrometer\micrometer-core\1.0.3\micrometer-core-1.0.3.jar;D:\repository\org\hdrhistogram\HdrHistogram\2.1.10\HdrHistogram-2.1.10.jar;D:\repository\org\latencyutils\LatencyUtils\2.0.3\LatencyUtils-2.0.3.jar;D:\repository\com\101tec\zkclient\0.10\zkclient-0.10.jar;D:\repository\org\slf4j\slf4j-api\1.7.25\slf4j-api-1.7.25.jar;D:\repository\org\apache\zookeeper\zookeeper\3.4.8\zookeeper-3.4.8.jar;D:\repository\org\slf4j\slf4j-log4j12\1.7.25\slf4j-log4j12-1.7.25.jar;D:\repository\jline\jline\0.9.94\jline-0.9.94.jar;D:\repository\io\netty\netty\3.7.0.Final\netty-3.7.0.Final.jar;D:\IDEA\IntelliJ IDEA 2019.1\lib\idea_rt.jar
2019-07-18 23:26:44.899  INFO 3212 --- [DubboZkclientConnector] org.apache.zookeeper.ZooKeeper           : Client environment:java.library.path=D:\JAVA\jdk1.8.0_111\bin;C:\Windows\Sun\Java\bin;C:\Windows\system32;C:\Windows;D:\Xshell 6\;C:\Windows\system32;C:\Windows;C:\Windows\System32\Wbem;C:\Windows\System32\WindowsPowerShell\v1.0\;C:\Windows\System32\OpenSSH\;D:\JAVA\jdk1.8.0_111\bin;C:\Program Files\MySQL\MySQL Server 5.7\bin;D:\Git\cmd;D:\nodejs\;C:\Users\Administrator\AppData\Local\Microsoft\WindowsApps;D:\IntelliJ IDEA 2018.3.5\bin;;C:\Program Files (x86)\Tencent\WeChat;C:\Program Files\MySQL\MySQL Server 5.7\bin;D:\apache-maven-3.6.1\bin;C:\Users\Administrator\AppData\Roaming\npm;.
2019-07-18 23:26:44.900  INFO 3212 --- [DubboZkclientConnector] org.apache.zookeeper.ZooKeeper           : Client environment:java.io.tmpdir=C:\Users\ADMINI~1\AppData\Local\Temp\
2019-07-18 23:26:44.901  INFO 3212 --- [DubboZkclientConnector] org.apache.zookeeper.ZooKeeper           : Client environment:java.compiler=<NA>
2019-07-18 23:26:44.902  INFO 3212 --- [DubboZkclientConnector] org.apache.zookeeper.ZooKeeper           : Client environment:os.name=Windows 10
2019-07-18 23:26:44.903  INFO 3212 --- [DubboZkclientConnector] org.apache.zookeeper.ZooKeeper           : Client environment:os.arch=amd64
2019-07-18 23:26:44.904  INFO 3212 --- [DubboZkclientConnector] org.apache.zookeeper.ZooKeeper           : Client environment:os.version=10.0
2019-07-18 23:26:44.905  INFO 3212 --- [DubboZkclientConnector] org.apache.zookeeper.ZooKeeper           : Client environment:user.name=Administrator
2019-07-18 23:26:44.906  INFO 3212 --- [DubboZkclientConnector] org.apache.zookeeper.ZooKeeper           : Client environment:user.home=C:\Users\Administrator
2019-07-18 23:26:44.906  INFO 3212 --- [DubboZkclientConnector] org.apache.zookeeper.ZooKeeper           : Client environment:user.dir=D:\GitRemoteRepo\GitHub\project_guns
2019-07-18 23:26:44.912  INFO 3212 --- [DubboZkclientConnector] org.apache.zookeeper.ZooKeeper           : Initiating client connection, connectString=localhost:2181 sessionTimeout=30000 watcher=org.I0Itec.zkclient.ZkClient@51d87d21
2019-07-18 23:26:44.977  INFO 3212 --- [DubboZkclientConnector] org.I0Itec.zkclient.ZkClient             : Waiting for keeper state SyncConnected
2019-07-18 23:26:44.985  INFO 3212 --- [DubboZkclientConnector-SendThread(127.0.0.1:2181)] org.apache.zookeeper.ClientCnxn          : Opening socket connection to server 127.0.0.1/127.0.0.1:2181. Will not attempt to authenticate using SASL (unknown error)
2019-07-18 23:26:44.989  INFO 3212 --- [DubboZkclientConnector-SendThread(127.0.0.1:2181)] org.apache.zookeeper.ClientCnxn          : Socket connection established to 127.0.0.1/127.0.0.1:2181, initiating session
2019-07-18 23:26:45.064  INFO 3212 --- [DubboZkclientConnector-SendThread(127.0.0.1:2181)] org.apache.zookeeper.ClientCnxn          : Session establishment complete on server 127.0.0.1/127.0.0.1:2181, sessionid = 0x16c0599cef80000, negotiated timeout = 30000
2019-07-18 23:26:45.066  INFO 3212 --- [DubboZkclientConnector-EventThread] org.I0Itec.zkclient.ZkClient             : zookeeper state changed (SyncConnected)
2019-07-18 23:26:45.817  INFO 3212 --- [main] o.s.b.a.e.web.EndpointLinksResolver      : Exposing 2 endpoint(s) beneath base path '/actuator'
2019-07-18 23:26:45.835  INFO 3212 --- [main] s.b.a.e.w.s.WebMvcEndpointHandlerMapping : Mapped "{[/actuator/health],methods=[GET],produces=[application/vnd.spring-boot.actuator.v2+json || application/json]}" onto public java.lang.Object org.springframework.boot.actuate.endpoint.web.servlet.AbstractWebMvcEndpointHandlerMapping$OperationHandler.handle(javax.servlet.http.HttpServletRequest,java.util.Map<java.lang.String, java.lang.String>)
2019-07-18 23:26:45.837  INFO 3212 --- [main] s.b.a.e.w.s.WebMvcEndpointHandlerMapping : Mapped "{[/actuator/info],methods=[GET],produces=[application/vnd.spring-boot.actuator.v2+json || application/json]}" onto public java.lang.Object org.springframework.boot.actuate.endpoint.web.servlet.AbstractWebMvcEndpointHandlerMapping$OperationHandler.handle(javax.servlet.http.HttpServletRequest,java.util.Map<java.lang.String, java.lang.String>)
2019-07-18 23:26:45.838  INFO 3212 --- [main] s.b.a.e.w.s.WebMvcEndpointHandlerMapping : Mapped "{[/actuator],methods=[GET],produces=[application/vnd.spring-boot.actuator.v2+json || application/json]}" onto protected java.util.Map<java.lang.String, java.util.Map<java.lang.String, org.springframework.boot.actuate.endpoint.web.Link>> org.springframework.boot.actuate.endpoint.web.servlet.WebMvcEndpointHandlerMapping.links(javax.servlet.http.HttpServletRequest,javax.servlet.http.HttpServletResponse)
2019-07-18 23:26:45.922  INFO 3212 --- [main] o.s.j.e.a.AnnotationMBeanExporter        : Registering beans for JMX exposure on startup
2019-07-18 23:26:45.924  INFO 3212 --- [main] o.s.j.e.a.AnnotationMBeanExporter        : Bean with name 'dataSource' has been autodetected for JMX exposure
2019-07-18 23:26:45.934  INFO 3212 --- [main] o.s.j.e.a.AnnotationMBeanExporter        : Located MBean 'dataSource': registering with JMX server as MBean [com.alibaba.druid.pool:name=dataSource,type=DruidDataSource]
2019-07-18 23:26:46.061  INFO 3212 --- [main] o.s.b.w.embedded.tomcat.TomcatWebServer  : Tomcat started on port(s): 8081 (http) with context path ''
2019-07-18 23:26:46.066  INFO 3212 --- [main] c.s.guns.rest.GunsCinemaApplication      : Started GunsCinemaApplication in 18.889 seconds (JVM running for 21.133)
2019-07-18 23:26:48.300  INFO 3212 --- [RMI TCP Connection(5)-192.168.200.1] o.a.c.c.C.[Tomcat].[localhost].[/]       : Initializing Spring FrameworkServlet 'dispatcherServlet'
2019-07-18 23:26:48.301  INFO 3212 --- [RMI TCP Connection(5)-192.168.200.1] o.s.web.servlet.DispatcherServlet        : FrameworkServlet 'dispatcherServlet': initialization started
2019-07-18 23:26:48.354  INFO 3212 --- [RMI TCP Connection(5)-192.168.200.1] o.s.web.servlet.DispatcherServlet        : FrameworkServlet 'dispatcherServlet': initialization completed in 53 ms
