2019-07-15 16:40:20,540 - Log4JLogChute initialized using file 'velocity.log'
2019-07-15 16:40:20,541 - Initializing Velocity, Calling init()...
2019-07-15 16:40:20,541 - Starting Apache Velocity v1.7 (compiled: 2010-11-19 12:14:37)
2019-07-15 16:40:20,541 - Default Properties File: org\apache\velocity\runtime\defaults\velocity.properties
2019-07-15 16:40:20,541 - Trying to use logger class org.apache.velocity.runtime.log.AvalonLogChute
2019-07-15 16:40:20,541 - Target log system for org.apache.velocity.runtime.log.AvalonLogChute is not available (java.lang.NoClassDefFoundError: org/apache/log/format/Formatter).  Falling back to next log system...
2019-07-15 16:40:20,541 - Trying to use logger class org.apache.velocity.runtime.log.Log4JLogChute
2019-07-15 16:40:20,542 - Using logger class org.apache.velocity.runtime.log.Log4JLogChute
2019-07-15 16:40:20,555 - ResourceLoader instantiated: org.apache.velocity.runtime.resource.loader.ClasspathResourceLoader
2019-07-15 16:40:20,637 - ResourceCache: initialized (class org.apache.velocity.runtime.resource.ResourceCacheImpl) with class java.util.Collections$SynchronizedMap cache map.
2019-07-15 16:40:20,642 - Loaded System Directive: org.apache.velocity.runtime.directive.Stop
2019-07-15 16:40:20,644 - Loaded System Directive: org.apache.velocity.runtime.directive.Define
2019-07-15 16:40:20,647 - Loaded System Directive: org.apache.velocity.runtime.directive.Break
2019-07-15 16:40:20,650 - Loaded System Directive: org.apache.velocity.runtime.directive.Evaluate
2019-07-15 16:40:20,652 - Loaded System Directive: org.apache.velocity.runtime.directive.Literal
2019-07-15 16:40:20,655 - Loaded System Directive: org.apache.velocity.runtime.directive.Macro
2019-07-15 16:40:20,659 - Loaded System Directive: org.apache.velocity.runtime.directive.Parse
2019-07-15 16:40:20,663 - Loaded System Directive: org.apache.velocity.runtime.directive.Include
2019-07-15 16:40:20,670 - Loaded System Directive: org.apache.velocity.runtime.directive.Foreach
2019-07-15 16:40:21,089 - Created '20' parsers.
2019-07-15 16:40:21,246 - Velocimacro : "velocimacro.library" is not set.  Trying default library: VM_global_library.vm
2019-07-15 16:40:21,251 - Could not load resource 'VM_global_library.vm' from ResourceLoader org.apache.velocity.runtime.resource.loader.ClasspathResourceLoader: ClasspathResourceLoader Error: cannot find resource VM_global_library.vm
2019-07-15 16:40:21,251 - Velocimacro : Default library not found.
2019-07-15 16:40:21,251 - Velocimacro : allowInline = true : VMs can be defined inline in templates
2019-07-15 16:40:21,251 - Velocimacro : allowInlineToOverride = false : VMs defined inline may NOT replace previous VM definitions
2019-07-15 16:40:21,251 - Velocimacro : allowInlineLocal = false : VMs defined inline will be global in scope if allowed.
2019-07-15 16:40:21,251 - Velocimacro : autoload off : VM system will not automatically reload global library macros
2019-07-15 16:40:21,627 - ResourceManager : found /templates/entity.java.vm with loader org.apache.velocity.runtime.resource.loader.ClasspathResourceLoader
2019-07-15 16:40:21,681 - Left side (${versionFieldName}) of '==' operation has null value. If it is a reference, it may not be in the context or its toString() returned null. /templates/entity.java.vm[line 76, column 26]
2019-07-15 16:40:21,682 - Left side (${logicDeleteFieldName}) of '==' operation has null value. If it is a reference, it may not be in the context or its toString() returned null. /templates/entity.java.vm[line 80, column 30]
2019-07-15 16:40:21,682 - Left side (${versionFieldName}) of '==' operation has null value. If it is a reference, it may not be in the context or its toString() returned null. /templates/entity.java.vm[line 76, column 26]
2019-07-15 16:40:21,682 - Left side (${logicDeleteFieldName}) of '==' operation has null value. If it is a reference, it may not be in the context or its toString() returned null. /templates/entity.java.vm[line 80, column 30]
2019-07-15 16:40:21,682 - Left side (${versionFieldName}) of '==' operation has null value. If it is a reference, it may not be in the context or its toString() returned null. /templates/entity.java.vm[line 76, column 26]
2019-07-15 16:40:21,682 - Left side (${logicDeleteFieldName}) of '==' operation has null value. If it is a reference, it may not be in the context or its toString() returned null. /templates/entity.java.vm[line 80, column 30]
2019-07-15 16:40:21,683 - Left side (${versionFieldName}) of '==' operation has null value. If it is a reference, it may not be in the context or its toString() returned null. /templates/entity.java.vm[line 76, column 26]
2019-07-15 16:40:21,683 - Left side (${logicDeleteFieldName}) of '==' operation has null value. If it is a reference, it may not be in the context or its toString() returned null. /templates/entity.java.vm[line 80, column 30]
2019-07-15 16:40:21,683 - Left side (${versionFieldName}) of '==' operation has null value. If it is a reference, it may not be in the context or its toString() returned null. /templates/entity.java.vm[line 76, column 26]
2019-07-15 16:40:21,683 - Left side (${logicDeleteFieldName}) of '==' operation has null value. If it is a reference, it may not be in the context or its toString() returned null. /templates/entity.java.vm[line 80, column 30]
2019-07-15 16:40:21,740 - ResourceManager : found /templates/mapper.java.vm with loader org.apache.velocity.runtime.resource.loader.ClasspathResourceLoader
2019-07-15 16:40:21,757 - ResourceManager : found /templates/mapper.xml.vm with loader org.apache.velocity.runtime.resource.loader.ClasspathResourceLoader
2019-07-15 16:40:21,793 - ResourceManager : found /templates/service.java.vm with loader org.apache.velocity.runtime.resource.loader.ClasspathResourceLoader
2019-07-15 16:40:21,812 - ResourceManager : found /templates/serviceImpl.java.vm with loader org.apache.velocity.runtime.resource.loader.ClasspathResourceLoader
2019-07-15 16:40:21,857 - ResourceManager : found /templates/controller.java.vm with loader org.apache.velocity.runtime.resource.loader.ClasspathResourceLoader
2019-07-15 16:45:01,202 - Log4JLogChute initialized using file 'velocity.log'
2019-07-15 16:45:01,202 - Initializing Velocity, Calling init()...
2019-07-15 16:45:01,203 - Starting Apache Velocity v1.7 (compiled: 2010-11-19 12:14:37)
2019-07-15 16:45:01,203 - Default Properties File: org\apache\velocity\runtime\defaults\velocity.properties
2019-07-15 16:45:01,203 - Trying to use logger class org.apache.velocity.runtime.log.AvalonLogChute
2019-07-15 16:45:01,203 - Target log system for org.apache.velocity.runtime.log.AvalonLogChute is not available (java.lang.NoClassDefFoundError: org/apache/log/format/Formatter).  Falling back to next log system...
2019-07-15 16:45:01,203 - Trying to use logger class org.apache.velocity.runtime.log.Log4JLogChute
2019-07-15 16:45:01,203 - Using logger class org.apache.velocity.runtime.log.Log4JLogChute
2019-07-15 16:45:01,232 - ResourceLoader instantiated: org.apache.velocity.runtime.resource.loader.ClasspathResourceLoader
2019-07-15 16:45:01,283 - ResourceCache: initialized (class org.apache.velocity.runtime.resource.ResourceCacheImpl) with class java.util.Collections$SynchronizedMap cache map.
2019-07-15 16:45:01,290 - Loaded System Directive: org.apache.velocity.runtime.directive.Stop
2019-07-15 16:45:01,292 - Loaded System Directive: org.apache.velocity.runtime.directive.Define
2019-07-15 16:45:01,297 - Loaded System Directive: org.apache.velocity.runtime.directive.Break
2019-07-15 16:45:01,300 - Loaded System Directive: org.apache.velocity.runtime.directive.Evaluate
2019-07-15 16:45:01,304 - Loaded System Directive: org.apache.velocity.runtime.directive.Literal
2019-07-15 16:45:01,310 - Loaded System Directive: org.apache.velocity.runtime.directive.Macro
2019-07-15 16:45:01,313 - Loaded System Directive: org.apache.velocity.runtime.directive.Parse
2019-07-15 16:45:01,319 - Loaded System Directive: org.apache.velocity.runtime.directive.Include
2019-07-15 16:45:01,321 - Loaded System Directive: org.apache.velocity.runtime.directive.Foreach
2019-07-15 16:45:01,384 - Created '20' parsers.
2019-07-15 16:45:01,400 - Velocimacro : "velocimacro.library" is not set.  Trying default library: VM_global_library.vm
2019-07-15 16:45:01,402 - Could not load resource 'VM_global_library.vm' from ResourceLoader org.apache.velocity.runtime.resource.loader.ClasspathResourceLoader: ClasspathResourceLoader Error: cannot find resource VM_global_library.vm
2019-07-15 16:45:01,402 - Velocimacro : Default library not found.
2019-07-15 16:45:01,402 - Velocimacro : allowInline = true : VMs can be defined inline in templates
2019-07-15 16:45:01,402 - Velocimacro : allowInlineToOverride = false : VMs defined inline may NOT replace previous VM definitions
2019-07-15 16:45:01,402 - Velocimacro : allowInlineLocal = false : VMs defined inline will be global in scope if allowed.
2019-07-15 16:45:01,402 - Velocimacro : autoload off : VM system will not automatically reload global library macros
2019-07-15 16:45:01,482 - ResourceManager : found /templates/entity.java.vm with loader org.apache.velocity.runtime.resource.loader.ClasspathResourceLoader
2019-07-15 16:45:01,531 - Left side (${versionFieldName}) of '==' operation has null value. If it is a reference, it may not be in the context or its toString() returned null. /templates/entity.java.vm[line 76, column 26]
2019-07-15 16:45:01,531 - Left side (${logicDeleteFieldName}) of '==' operation has null value. If it is a reference, it may not be in the context or its toString() returned null. /templates/entity.java.vm[line 80, column 30]
2019-07-15 16:45:01,531 - Left side (${versionFieldName}) of '==' operation has null value. If it is a reference, it may not be in the context or its toString() returned null. /templates/entity.java.vm[line 76, column 26]
2019-07-15 16:45:01,531 - Left side (${logicDeleteFieldName}) of '==' operation has null value. If it is a reference, it may not be in the context or its toString() returned null. /templates/entity.java.vm[line 80, column 30]
2019-07-15 16:45:01,532 - Left side (${versionFieldName}) of '==' operation has null value. If it is a reference, it may not be in the context or its toString() returned null. /templates/entity.java.vm[line 76, column 26]
2019-07-15 16:45:01,532 - Left side (${logicDeleteFieldName}) of '==' operation has null value. If it is a reference, it may not be in the context or its toString() returned null. /templates/entity.java.vm[line 80, column 30]
2019-07-15 16:45:01,532 - Left side (${versionFieldName}) of '==' operation has null value. If it is a reference, it may not be in the context or its toString() returned null. /templates/entity.java.vm[line 76, column 26]
2019-07-15 16:45:01,532 - Left side (${logicDeleteFieldName}) of '==' operation has null value. If it is a reference, it may not be in the context or its toString() returned null. /templates/entity.java.vm[line 80, column 30]
2019-07-15 16:45:01,533 - Left side (${versionFieldName}) of '==' operation has null value. If it is a reference, it may not be in the context or its toString() returned null. /templates/entity.java.vm[line 76, column 26]
2019-07-15 16:45:01,533 - Left side (${logicDeleteFieldName}) of '==' operation has null value. If it is a reference, it may not be in the context or its toString() returned null. /templates/entity.java.vm[line 80, column 30]
2019-07-15 16:45:01,599 - ResourceManager : found /templates/mapper.java.vm with loader org.apache.velocity.runtime.resource.loader.ClasspathResourceLoader
2019-07-15 16:45:01,616 - ResourceManager : found /templates/mapper.xml.vm with loader org.apache.velocity.runtime.resource.loader.ClasspathResourceLoader
2019-07-15 16:45:01,630 - ResourceManager : found /templates/service.java.vm with loader org.apache.velocity.runtime.resource.loader.ClasspathResourceLoader
2019-07-15 16:45:01,636 - ResourceManager : found /templates/serviceImpl.java.vm with loader org.apache.velocity.runtime.resource.loader.ClasspathResourceLoader
2019-07-15 16:45:01,653 - ResourceManager : found /templates/controller.java.vm with loader org.apache.velocity.runtime.resource.loader.ClasspathResourceLoader
2019-07-19 10:26:38,689 - Log4JLogChute initialized using file 'velocity.log'
2019-07-19 10:26:38,691 - Initializing Velocity, Calling init()...
2019-07-19 10:26:38,691 - Starting Apache Velocity v1.7 (compiled: 2010-11-19 12:14:37)
2019-07-19 10:26:38,691 - Default Properties File: org\apache\velocity\runtime\defaults\velocity.properties
2019-07-19 10:26:38,691 - Trying to use logger class org.apache.velocity.runtime.log.AvalonLogChute
2019-07-19 10:26:38,691 - Target log system for org.apache.velocity.runtime.log.AvalonLogChute is not available (java.lang.NoClassDefFoundError: org/apache/log/format/Formatter).  Falling back to next log system...
2019-07-19 10:26:38,691 - Trying to use logger class org.apache.velocity.runtime.log.Log4JLogChute
2019-07-19 10:26:38,691 - Using logger class org.apache.velocity.runtime.log.Log4JLogChute
2019-07-19 10:26:38,698 - ResourceLoader instantiated: org.apache.velocity.runtime.resource.loader.ClasspathResourceLoader
2019-07-19 10:26:38,788 - ResourceCache: initialized (class org.apache.velocity.runtime.resource.ResourceCacheImpl) with class java.util.Collections$SynchronizedMap cache map.
2019-07-19 10:26:38,790 - Loaded System Directive: org.apache.velocity.runtime.directive.Stop
2019-07-19 10:26:38,791 - Loaded System Directive: org.apache.velocity.runtime.directive.Define
2019-07-19 10:26:38,792 - Loaded System Directive: org.apache.velocity.runtime.directive.Break
2019-07-19 10:26:38,794 - Loaded System Directive: org.apache.velocity.runtime.directive.Evaluate
2019-07-19 10:26:38,795 - Loaded System Directive: org.apache.velocity.runtime.directive.Literal
2019-07-19 10:26:38,797 - Loaded System Directive: org.apache.velocity.runtime.directive.Macro
2019-07-19 10:26:38,799 - Loaded System Directive: org.apache.velocity.runtime.directive.Parse
2019-07-19 10:26:38,802 - Loaded System Directive: org.apache.velocity.runtime.directive.Include
2019-07-19 10:26:38,803 - Loaded System Directive: org.apache.velocity.runtime.directive.Foreach
2019-07-19 10:26:38,871 - Created '20' parsers.
2019-07-19 10:26:38,880 - Velocimacro : "velocimacro.library" is not set.  Trying default library: VM_global_library.vm
2019-07-19 10:26:38,881 - Could not load resource 'VM_global_library.vm' from ResourceLoader org.apache.velocity.runtime.resource.loader.ClasspathResourceLoader: ClasspathResourceLoader Error: cannot find resource VM_global_library.vm
2019-07-19 10:26:38,881 - Velocimacro : Default library not found.
2019-07-19 10:26:38,881 - Velocimacro : allowInline = true : VMs can be defined inline in templates
2019-07-19 10:26:38,881 - Velocimacro : allowInlineToOverride = false : VMs defined inline may NOT replace previous VM definitions
2019-07-19 10:26:38,881 - Velocimacro : allowInlineLocal = false : VMs defined inline will be global in scope if allowed.
2019-07-19 10:26:38,881 - Velocimacro : autoload off : VM system will not automatically reload global library macros
2019-07-19 10:26:39,033 - ResourceManager : found /templates/entity.java.vm with loader org.apache.velocity.runtime.resource.loader.ClasspathResourceLoader
2019-07-19 10:26:39,057 - Left side (${versionFieldName}) of '==' operation has null value. If it is a reference, it may not be in the context or its toString() returned null. /templates/entity.java.vm[line 76, column 26]
2019-07-19 10:26:39,057 - Left side (${logicDeleteFieldName}) of '==' operation has null value. If it is a reference, it may not be in the context or its toString() returned null. /templates/entity.java.vm[line 80, column 30]
2019-07-19 10:26:39,057 - Left side (${versionFieldName}) of '==' operation has null value. If it is a reference, it may not be in the context or its toString() returned null. /templates/entity.java.vm[line 76, column 26]
2019-07-19 10:26:39,057 - Left side (${logicDeleteFieldName}) of '==' operation has null value. If it is a reference, it may not be in the context or its toString() returned null. /templates/entity.java.vm[line 80, column 30]
2019-07-19 10:26:39,058 - Left side (${versionFieldName}) of '==' operation has null value. If it is a reference, it may not be in the context or its toString() returned null. /templates/entity.java.vm[line 76, column 26]
2019-07-19 10:26:39,058 - Left side (${logicDeleteFieldName}) of '==' operation has null value. If it is a reference, it may not be in the context or its toString() returned null. /templates/entity.java.vm[line 80, column 30]
2019-07-19 10:26:39,058 - Left side (${versionFieldName}) of '==' operation has null value. If it is a reference, it may not be in the context or its toString() returned null. /templates/entity.java.vm[line 76, column 26]
2019-07-19 10:26:39,058 - Left side (${logicDeleteFieldName}) of '==' operation has null value. If it is a reference, it may not be in the context or its toString() returned null. /templates/entity.java.vm[line 80, column 30]
2019-07-19 10:26:39,058 - Left side (${versionFieldName}) of '==' operation has null value. If it is a reference, it may not be in the context or its toString() returned null. /templates/entity.java.vm[line 76, column 26]
2019-07-19 10:26:39,058 - Left side (${logicDeleteFieldName}) of '==' operation has null value. If it is a reference, it may not be in the context or its toString() returned null. /templates/entity.java.vm[line 80, column 30]
2019-07-19 10:26:39,059 - Left side (${versionFieldName}) of '==' operation has null value. If it is a reference, it may not be in the context or its toString() returned null. /templates/entity.java.vm[line 76, column 26]
2019-07-19 10:26:39,059 - Left side (${logicDeleteFieldName}) of '==' operation has null value. If it is a reference, it may not be in the context or its toString() returned null. /templates/entity.java.vm[line 80, column 30]
2019-07-19 10:26:39,060 - Left side (${versionFieldName}) of '==' operation has null value. If it is a reference, it may not be in the context or its toString() returned null. /templates/entity.java.vm[line 76, column 26]
2019-07-19 10:26:39,060 - Left side (${logicDeleteFieldName}) of '==' operation has null value. If it is a reference, it may not be in the context or its toString() returned null. /templates/entity.java.vm[line 80, column 30]
2019-07-19 10:26:39,061 - Left side (${versionFieldName}) of '==' operation has null value. If it is a reference, it may not be in the context or its toString() returned null. /templates/entity.java.vm[line 76, column 26]
2019-07-19 10:26:39,061 - Left side (${logicDeleteFieldName}) of '==' operation has null value. If it is a reference, it may not be in the context or its toString() returned null. /templates/entity.java.vm[line 80, column 30]
2019-07-19 10:26:39,062 - Left side (${versionFieldName}) of '==' operation has null value. If it is a reference, it may not be in the context or its toString() returned null. /templates/entity.java.vm[line 76, column 26]
2019-07-19 10:26:39,062 - Left side (${logicDeleteFieldName}) of '==' operation has null value. If it is a reference, it may not be in the context or its toString() returned null. /templates/entity.java.vm[line 80, column 30]
2019-07-19 10:26:39,062 - Left side (${versionFieldName}) of '==' operation has null value. If it is a reference, it may not be in the context or its toString() returned null. /templates/entity.java.vm[line 76, column 26]
2019-07-19 10:26:39,062 - Left side (${logicDeleteFieldName}) of '==' operation has null value. If it is a reference, it may not be in the context or its toString() returned null. /templates/entity.java.vm[line 80, column 30]
2019-07-19 10:26:39,062 - Left side (${versionFieldName}) of '==' operation has null value. If it is a reference, it may not be in the context or its toString() returned null. /templates/entity.java.vm[line 76, column 26]
2019-07-19 10:26:39,062 - Left side (${logicDeleteFieldName}) of '==' operation has null value. If it is a reference, it may not be in the context or its toString() returned null. /templates/entity.java.vm[line 80, column 30]
2019-07-19 10:26:39,062 - Left side (${versionFieldName}) of '==' operation has null value. If it is a reference, it may not be in the context or its toString() returned null. /templates/entity.java.vm[line 76, column 26]
2019-07-19 10:26:39,063 - Left side (${logicDeleteFieldName}) of '==' operation has null value. If it is a reference, it may not be in the context or its toString() returned null. /templates/entity.java.vm[line 80, column 30]
2019-07-19 10:26:39,063 - Left side (${versionFieldName}) of '==' operation has null value. If it is a reference, it may not be in the context or its toString() returned null. /templates/entity.java.vm[line 76, column 26]
2019-07-19 10:26:39,063 - Left side (${logicDeleteFieldName}) of '==' operation has null value. If it is a reference, it may not be in the context or its toString() returned null. /templates/entity.java.vm[line 80, column 30]
2019-07-19 10:26:39,063 - Left side (${versionFieldName}) of '==' operation has null value. If it is a reference, it may not be in the context or its toString() returned null. /templates/entity.java.vm[line 76, column 26]
2019-07-19 10:26:39,063 - Left side (${logicDeleteFieldName}) of '==' operation has null value. If it is a reference, it may not be in the context or its toString() returned null. /templates/entity.java.vm[line 80, column 30]
2019-07-19 10:26:39,086 - ResourceManager : found /templates/mapper.java.vm with loader org.apache.velocity.runtime.resource.loader.ClasspathResourceLoader
2019-07-19 10:26:39,092 - ResourceManager : found /templates/mapper.xml.vm with loader org.apache.velocity.runtime.resource.loader.ClasspathResourceLoader
2019-07-19 10:26:39,120 - ResourceManager : found /templates/service.java.vm with loader org.apache.velocity.runtime.resource.loader.ClasspathResourceLoader
2019-07-19 10:26:39,135 - ResourceManager : found /templates/serviceImpl.java.vm with loader org.apache.velocity.runtime.resource.loader.ClasspathResourceLoader
2019-07-19 10:26:39,156 - ResourceManager : found /templates/controller.java.vm with loader org.apache.velocity.runtime.resource.loader.ClasspathResourceLoader
