2019-07-15 16:40:20,540 - Log4JLogChute initialized using file 'velocity.log'
2019-07-15 16:40:20,541 - Initializing Velocity, Calling init()...
2019-07-15 16:40:20,541 - Starting Apache Velocity v1.7 (compiled: 2010-11-19 12:14:37)
2019-07-15 16:40:20,541 - Default Properties File: org\apache\velocity\runtime\defaults\velocity.properties
2019-07-15 16:40:20,541 - Trying to use logger class org.apache.velocity.runtime.log.AvalonLogChute
2019-07-15 16:40:20,541 - Target log system for org.apache.velocity.runtime.log.AvalonLogChute is not available (java.lang.NoClassDefFoundError: org/apache/log/format/Formatter).  Falling back to next log system...
2019-07-15 16:40:20,541 - Trying to use logger class org.apache.velocity.runtime.log.Log4JLogChute
2019-07-15 16:40:20,542 - Using logger class org.apache.velocity.runtime.log.Log4JLogChute
2019-07-15 16:40:20,555 - ResourceLoader instantiated: org.apache.velocity.runtime.resource.loader.ClasspathResourceLoader
2019-07-15 16:40:20,637 - ResourceCache: initialized (class org.apache.velocity.runtime.resource.ResourceCacheImpl) with class java.util.Collections$SynchronizedMap cache map.
2019-07-15 16:40:20,642 - Loaded System Directive: org.apache.velocity.runtime.directive.Stop
2019-07-15 16:40:20,644 - Loaded System Directive: org.apache.velocity.runtime.directive.Define
2019-07-15 16:40:20,647 - Loaded System Directive: org.apache.velocity.runtime.directive.Break
2019-07-15 16:40:20,650 - Loaded System Directive: org.apache.velocity.runtime.directive.Evaluate
2019-07-15 16:40:20,652 - Loaded System Directive: org.apache.velocity.runtime.directive.Literal
2019-07-15 16:40:20,655 - Loaded System Directive: org.apache.velocity.runtime.directive.Macro
2019-07-15 16:40:20,659 - Loaded System Directive: org.apache.velocity.runtime.directive.Parse
2019-07-15 16:40:20,663 - Loaded System Directive: org.apache.velocity.runtime.directive.Include
2019-07-15 16:40:20,670 - Loaded System Directive: org.apache.velocity.runtime.directive.Foreach
2019-07-15 16:40:21,089 - Created '20' parsers.
2019-07-15 16:40:21,246 - Velocimacro : "velocimacro.library" is not set.  Trying default library: VM_global_library.vm
2019-07-15 16:40:21,251 - Could not load resource 'VM_global_library.vm' from ResourceLoader org.apache.velocity.runtime.resource.loader.ClasspathResourceLoader: ClasspathResourceLoader Error: cannot find resource VM_global_library.vm
2019-07-15 16:40:21,251 - Velocimacro : Default library not found.
2019-07-15 16:40:21,251 - Velocimacro : allowInline = true : VMs can be defined inline in templates
2019-07-15 16:40:21,251 - Velocimacro : allowInlineToOverride = false : VMs defined inline may NOT replace previous VM definitions
2019-07-15 16:40:21,251 - Velocimacro : allowInlineLocal = false : VMs defined inline will be global in scope if allowed.
2019-07-15 16:40:21,251 - Velocimacro : autoload off : VM system will not automatically reload global library macros
2019-07-15 16:40:21,627 - ResourceManager : found /templates/entity.java.vm with loader org.apache.velocity.runtime.resource.loader.ClasspathResourceLoader
2019-07-15 16:40:21,681 - Left side (${versionFieldName}) of '==' operation has null value. If it is a reference, it may not be in the context or its toString() returned null. /templates/entity.java.vm[line 76, column 26]
2019-07-15 16:40:21,682 - Left side (${logicDeleteFieldName}) of '==' operation has null value. If it is a reference, it may not be in the context or its toString() returned null. /templates/entity.java.vm[line 80, column 30]
2019-07-15 16:40:21,682 - Left side (${versionFieldName}) of '==' operation has null value. If it is a reference, it may not be in the context or its toString() returned null. /templates/entity.java.vm[line 76, column 26]
2019-07-15 16:40:21,682 - Left side (${logicDeleteFieldName}) of '==' operation has null value. If it is a reference, it may not be in the context or its toString() returned null. /templates/entity.java.vm[line 80, column 30]
2019-07-15 16:40:21,682 - Left side (${versionFieldName}) of '==' operation has null value. If it is a reference, it may not be in the context or its toString() returned null. /templates/entity.java.vm[line 76, column 26]
2019-07-15 16:40:21,682 - Left side (${logicDeleteFieldName}) of '==' operation has null value. If it is a reference, it may not be in the context or its toString() returned null. /templates/entity.java.vm[line 80, column 30]
2019-07-15 16:40:21,683 - Left side (${versionFieldName}) of '==' operation has null value. If it is a reference, it may not be in the context or its toString() returned null. /templates/entity.java.vm[line 76, column 26]
2019-07-15 16:40:21,683 - Left side (${logicDeleteFieldName}) of '==' operation has null value. If it is a reference, it may not be in the context or its toString() returned null. /templates/entity.java.vm[line 80, column 30]
2019-07-15 16:40:21,683 - Left side (${versionFieldName}) of '==' operation has null value. If it is a reference, it may not be in the context or its toString() returned null. /templates/entity.java.vm[line 76, column 26]
2019-07-15 16:40:21,683 - Left side (${logicDeleteFieldName}) of '==' operation has null value. If it is a reference, it may not be in the context or its toString() returned null. /templates/entity.java.vm[line 80, column 30]
2019-07-15 16:40:21,740 - ResourceManager : found /templates/mapper.java.vm with loader org.apache.velocity.runtime.resource.loader.ClasspathResourceLoader
2019-07-15 16:40:21,757 - ResourceManager : found /templates/mapper.xml.vm with loader org.apache.velocity.runtime.resource.loader.ClasspathResourceLoader
2019-07-15 16:40:21,793 - ResourceManager : found /templates/service.java.vm with loader org.apache.velocity.runtime.resource.loader.ClasspathResourceLoader
2019-07-15 16:40:21,812 - ResourceManager : found /templates/serviceImpl.java.vm with loader org.apache.velocity.runtime.resource.loader.ClasspathResourceLoader
2019-07-15 16:40:21,857 - ResourceManager : found /templates/controller.java.vm with loader org.apache.velocity.runtime.resource.loader.ClasspathResourceLoader
2019-07-15 16:45:01,202 - Log4JLogChute initialized using file 'velocity.log'
2019-07-15 16:45:01,202 - Initializing Velocity, Calling init()...
2019-07-15 16:45:01,203 - Starting Apache Velocity v1.7 (compiled: 2010-11-19 12:14:37)
2019-07-15 16:45:01,203 - Default Properties File: org\apache\velocity\runtime\defaults\velocity.properties
2019-07-15 16:45:01,203 - Trying to use logger class org.apache.velocity.runtime.log.AvalonLogChute
2019-07-15 16:45:01,203 - Target log system for org.apache.velocity.runtime.log.AvalonLogChute is not available (java.lang.NoClassDefFoundError: org/apache/log/format/Formatter).  Falling back to next log system...
2019-07-15 16:45:01,203 - Trying to use logger class org.apache.velocity.runtime.log.Log4JLogChute
2019-07-15 16:45:01,203 - Using logger class org.apache.velocity.runtime.log.Log4JLogChute
2019-07-15 16:45:01,232 - ResourceLoader instantiated: org.apache.velocity.runtime.resource.loader.ClasspathResourceLoader
2019-07-15 16:45:01,283 - ResourceCache: initialized (class org.apache.velocity.runtime.resource.ResourceCacheImpl) with class java.util.Collections$SynchronizedMap cache map.
2019-07-15 16:45:01,290 - Loaded System Directive: org.apache.velocity.runtime.directive.Stop
2019-07-15 16:45:01,292 - Loaded System Directive: org.apache.velocity.runtime.directive.Define
2019-07-15 16:45:01,297 - Loaded System Directive: org.apache.velocity.runtime.directive.Break
2019-07-15 16:45:01,300 - Loaded System Directive: org.apache.velocity.runtime.directive.Evaluate
2019-07-15 16:45:01,304 - Loaded System Directive: org.apache.velocity.runtime.directive.Literal
2019-07-15 16:45:01,310 - Loaded System Directive: org.apache.velocity.runtime.directive.Macro
2019-07-15 16:45:01,313 - Loaded System Directive: org.apache.velocity.runtime.directive.Parse
2019-07-15 16:45:01,319 - Loaded System Directive: org.apache.velocity.runtime.directive.Include
2019-07-15 16:45:01,321 - Loaded System Directive: org.apache.velocity.runtime.directive.Foreach
2019-07-15 16:45:01,384 - Created '20' parsers.
2019-07-15 16:45:01,400 - Velocimacro : "velocimacro.library" is not set.  Trying default library: VM_global_library.vm
2019-07-15 16:45:01,402 - Could not load resource 'VM_global_library.vm' from ResourceLoader org.apache.velocity.runtime.resource.loader.ClasspathResourceLoader: ClasspathResourceLoader Error: cannot find resource VM_global_library.vm
2019-07-15 16:45:01,402 - Velocimacro : Default library not found.
2019-07-15 16:45:01,402 - Velocimacro : allowInline = true : VMs can be defined inline in templates
2019-07-15 16:45:01,402 - Velocimacro : allowInlineToOverride = false : VMs defined inline may NOT replace previous VM definitions
2019-07-15 16:45:01,402 - Velocimacro : allowInlineLocal = false : VMs defined inline will be global in scope if allowed.
2019-07-15 16:45:01,402 - Velocimacro : autoload off : VM system will not automatically reload global library macros
2019-07-15 16:45:01,482 - ResourceManager : found /templates/entity.java.vm with loader org.apache.velocity.runtime.resource.loader.ClasspathResourceLoader
2019-07-15 16:45:01,531 - Left side (${versionFieldName}) of '==' operation has null value. If it is a reference, it may not be in the context or its toString() returned null. /templates/entity.java.vm[line 76, column 26]
2019-07-15 16:45:01,531 - Left side (${logicDeleteFieldName}) of '==' operation has null value. If it is a reference, it may not be in the context or its toString() returned null. /templates/entity.java.vm[line 80, column 30]
2019-07-15 16:45:01,531 - Left side (${versionFieldName}) of '==' operation has null value. If it is a reference, it may not be in the context or its toString() returned null. /templates/entity.java.vm[line 76, column 26]
2019-07-15 16:45:01,531 - Left side (${logicDeleteFieldName}) of '==' operation has null value. If it is a reference, it may not be in the context or its toString() returned null. /templates/entity.java.vm[line 80, column 30]
2019-07-15 16:45:01,532 - Left side (${versionFieldName}) of '==' operation has null value. If it is a reference, it may not be in the context or its toString() returned null. /templates/entity.java.vm[line 76, column 26]
2019-07-15 16:45:01,532 - Left side (${logicDeleteFieldName}) of '==' operation has null value. If it is a reference, it may not be in the context or its toString() returned null. /templates/entity.java.vm[line 80, column 30]
2019-07-15 16:45:01,532 - Left side (${versionFieldName}) of '==' operation has null value. If it is a reference, it may not be in the context or its toString() returned null. /templates/entity.java.vm[line 76, column 26]
2019-07-15 16:45:01,532 - Left side (${logicDeleteFieldName}) of '==' operation has null value. If it is a reference, it may not be in the context or its toString() returned null. /templates/entity.java.vm[line 80, column 30]
2019-07-15 16:45:01,533 - Left side (${versionFieldName}) of '==' operation has null value. If it is a reference, it may not be in the context or its toString() returned null. /templates/entity.java.vm[line 76, column 26]
2019-07-15 16:45:01,533 - Left side (${logicDeleteFieldName}) of '==' operation has null value. If it is a reference, it may not be in the context or its toString() returned null. /templates/entity.java.vm[line 80, column 30]
2019-07-15 16:45:01,599 - ResourceManager : found /templates/mapper.java.vm with loader org.apache.velocity.runtime.resource.loader.ClasspathResourceLoader
2019-07-15 16:45:01,616 - ResourceManager : found /templates/mapper.xml.vm with loader org.apache.velocity.runtime.resource.loader.ClasspathResourceLoader
2019-07-15 16:45:01,630 - ResourceManager : found /templates/service.java.vm with loader org.apache.velocity.runtime.resource.loader.ClasspathResourceLoader
2019-07-15 16:45:01,636 - ResourceManager : found /templates/serviceImpl.java.vm with loader org.apache.velocity.runtime.resource.loader.ClasspathResourceLoader
2019-07-15 16:45:01,653 - ResourceManager : found /templates/controller.java.vm with loader org.apache.velocity.runtime.resource.loader.ClasspathResourceLoader
2019-07-16 18:10:27,962 - Log4JLogChute initialized using file 'velocity.log'
2019-07-16 18:10:27,963 - Initializing Velocity, Calling init()...
2019-07-16 18:10:27,963 - Starting Apache Velocity v1.7 (compiled: 2010-11-19 12:14:37)
2019-07-16 18:10:27,963 - Default Properties File: org\apache\velocity\runtime\defaults\velocity.properties
2019-07-16 18:10:27,963 - Trying to use logger class org.apache.velocity.runtime.log.AvalonLogChute
2019-07-16 18:10:27,963 - Target log system for org.apache.velocity.runtime.log.AvalonLogChute is not available (java.lang.NoClassDefFoundError: org/apache/log/format/Formatter).  Falling back to next log system...
2019-07-16 18:10:27,963 - Trying to use logger class org.apache.velocity.runtime.log.Log4JLogChute
2019-07-16 18:10:27,963 - Using logger class org.apache.velocity.runtime.log.Log4JLogChute
2019-07-16 18:10:27,973 - ResourceLoader instantiated: org.apache.velocity.runtime.resource.loader.ClasspathResourceLoader
2019-07-16 18:10:28,100 - ResourceCache: initialized (class org.apache.velocity.runtime.resource.ResourceCacheImpl) with class java.util.Collections$SynchronizedMap cache map.
2019-07-16 18:10:28,102 - Loaded System Directive: org.apache.velocity.runtime.directive.Stop
2019-07-16 18:10:28,104 - Loaded System Directive: org.apache.velocity.runtime.directive.Define
2019-07-16 18:10:28,105 - Loaded System Directive: org.apache.velocity.runtime.directive.Break
2019-07-16 18:10:28,107 - Loaded System Directive: org.apache.velocity.runtime.directive.Evaluate
2019-07-16 18:10:28,108 - Loaded System Directive: org.apache.velocity.runtime.directive.Literal
2019-07-16 18:10:28,119 - Loaded System Directive: org.apache.velocity.runtime.directive.Macro
2019-07-16 18:10:28,121 - Loaded System Directive: org.apache.velocity.runtime.directive.Parse
2019-07-16 18:10:28,134 - Loaded System Directive: org.apache.velocity.runtime.directive.Include
2019-07-16 18:10:28,135 - Loaded System Directive: org.apache.velocity.runtime.directive.Foreach
2019-07-16 18:10:28,240 - Created '20' parsers.
2019-07-16 18:10:28,257 - Velocimacro : "velocimacro.library" is not set.  Trying default library: VM_global_library.vm
2019-07-16 18:10:28,258 - Could not load resource 'VM_global_library.vm' from ResourceLoader org.apache.velocity.runtime.resource.loader.ClasspathResourceLoader: ClasspathResourceLoader Error: cannot find resource VM_global_library.vm
2019-07-16 18:10:28,258 - Velocimacro : Default library not found.
2019-07-16 18:10:28,258 - Velocimacro : allowInline = true : VMs can be defined inline in templates
2019-07-16 18:10:28,258 - Velocimacro : allowInlineToOverride = false : VMs defined inline may NOT replace previous VM definitions
2019-07-16 18:10:28,258 - Velocimacro : allowInlineLocal = false : VMs defined inline will be global in scope if allowed.
2019-07-16 18:10:28,258 - Velocimacro : autoload off : VM system will not automatically reload global library macros
2019-07-16 18:10:28,352 - ResourceManager : found /templates/entity.java.vm with loader org.apache.velocity.runtime.resource.loader.ClasspathResourceLoader
2019-07-16 18:10:28,404 - Left side (${versionFieldName}) of '==' operation has null value. If it is a reference, it may not be in the context or its toString() returned null. /templates/entity.java.vm[line 76, column 26]
2019-07-16 18:10:28,405 - Left side (${logicDeleteFieldName}) of '==' operation has null value. If it is a reference, it may not be in the context or its toString() returned null. /templates/entity.java.vm[line 80, column 30]
2019-07-16 18:10:28,405 - Left side (${versionFieldName}) of '==' operation has null value. If it is a reference, it may not be in the context or its toString() returned null. /templates/entity.java.vm[line 76, column 26]
2019-07-16 18:10:28,405 - Left side (${logicDeleteFieldName}) of '==' operation has null value. If it is a reference, it may not be in the context or its toString() returned null. /templates/entity.java.vm[line 80, column 30]
2019-07-16 18:10:28,406 - Left side (${versionFieldName}) of '==' operation has null value. If it is a reference, it may not be in the context or its toString() returned null. /templates/entity.java.vm[line 76, column 26]
2019-07-16 18:10:28,406 - Left side (${logicDeleteFieldName}) of '==' operation has null value. If it is a reference, it may not be in the context or its toString() returned null. /templates/entity.java.vm[line 80, column 30]
2019-07-16 18:10:28,406 - Left side (${versionFieldName}) of '==' operation has null value. If it is a reference, it may not be in the context or its toString() returned null. /templates/entity.java.vm[line 76, column 26]
2019-07-16 18:10:28,406 - Left side (${logicDeleteFieldName}) of '==' operation has null value. If it is a reference, it may not be in the context or its toString() returned null. /templates/entity.java.vm[line 80, column 30]
2019-07-16 18:10:28,469 - ResourceManager : found /templates/mapper.java.vm with loader org.apache.velocity.runtime.resource.loader.ClasspathResourceLoader
2019-07-16 18:10:28,526 - ResourceManager : found /templates/mapper.xml.vm with loader org.apache.velocity.runtime.resource.loader.ClasspathResourceLoader
2019-07-16 18:10:28,603 - ResourceManager : found /templates/service.java.vm with loader org.apache.velocity.runtime.resource.loader.ClasspathResourceLoader
2019-07-16 18:10:28,706 - ResourceManager : found /templates/serviceImpl.java.vm with loader org.apache.velocity.runtime.resource.loader.ClasspathResourceLoader
2019-07-16 18:10:28,743 - ResourceManager : found /templates/controller.java.vm with loader org.apache.velocity.runtime.resource.loader.ClasspathResourceLoader
2019-07-16 18:10:28,808 - ResourceManager : found /templates/entity.java.vm with loader org.apache.velocity.runtime.resource.loader.ClasspathResourceLoader
2019-07-16 18:10:28,826 - Left side (${versionFieldName}) of '==' operation has null value. If it is a reference, it may not be in the context or its toString() returned null. /templates/entity.java.vm[line 76, column 26]
2019-07-16 18:10:28,827 - Left side (${logicDeleteFieldName}) of '==' operation has null value. If it is a reference, it may not be in the context or its toString() returned null. /templates/entity.java.vm[line 80, column 30]
2019-07-16 18:10:28,828 - Left side (${versionFieldName}) of '==' operation has null value. If it is a reference, it may not be in the context or its toString() returned null. /templates/entity.java.vm[line 76, column 26]
2019-07-16 18:10:28,828 - Left side (${logicDeleteFieldName}) of '==' operation has null value. If it is a reference, it may not be in the context or its toString() returned null. /templates/entity.java.vm[line 80, column 30]
2019-07-16 18:10:28,828 - Left side (${versionFieldName}) of '==' operation has null value. If it is a reference, it may not be in the context or its toString() returned null. /templates/entity.java.vm[line 76, column 26]
2019-07-16 18:10:28,828 - Left side (${logicDeleteFieldName}) of '==' operation has null value. If it is a reference, it may not be in the context or its toString() returned null. /templates/entity.java.vm[line 80, column 30]
2019-07-16 18:10:28,829 - Left side (${versionFieldName}) of '==' operation has null value. If it is a reference, it may not be in the context or its toString() returned null. /templates/entity.java.vm[line 76, column 26]
2019-07-16 18:10:28,829 - Left side (${logicDeleteFieldName}) of '==' operation has null value. If it is a reference, it may not be in the context or its toString() returned null. /templates/entity.java.vm[line 80, column 30]
2019-07-16 18:10:28,830 - Left side (${versionFieldName}) of '==' operation has null value. If it is a reference, it may not be in the context or its toString() returned null. /templates/entity.java.vm[line 76, column 26]
2019-07-16 18:10:28,830 - Left side (${logicDeleteFieldName}) of '==' operation has null value. If it is a reference, it may not be in the context or its toString() returned null. /templates/entity.java.vm[line 80, column 30]
2019-07-16 18:10:28,831 - Left side (${versionFieldName}) of '==' operation has null value. If it is a reference, it may not be in the context or its toString() returned null. /templates/entity.java.vm[line 76, column 26]
2019-07-16 18:10:28,831 - Left side (${logicDeleteFieldName}) of '==' operation has null value. If it is a reference, it may not be in the context or its toString() returned null. /templates/entity.java.vm[line 80, column 30]
2019-07-16 18:10:28,832 - Left side (${versionFieldName}) of '==' operation has null value. If it is a reference, it may not be in the context or its toString() returned null. /templates/entity.java.vm[line 76, column 26]
2019-07-16 18:10:28,832 - Left side (${logicDeleteFieldName}) of '==' operation has null value. If it is a reference, it may not be in the context or its toString() returned null. /templates/entity.java.vm[line 80, column 30]
2019-07-16 18:10:28,832 - Left side (${versionFieldName}) of '==' operation has null value. If it is a reference, it may not be in the context or its toString() returned null. /templates/entity.java.vm[line 76, column 26]
2019-07-16 18:10:28,832 - Left side (${logicDeleteFieldName}) of '==' operation has null value. If it is a reference, it may not be in the context or its toString() returned null. /templates/entity.java.vm[line 80, column 30]
2019-07-16 18:10:28,832 - Left side (${versionFieldName}) of '==' operation has null value. If it is a reference, it may not be in the context or its toString() returned null. /templates/entity.java.vm[line 76, column 26]
2019-07-16 18:10:28,832 - Left side (${logicDeleteFieldName}) of '==' operation has null value. If it is a reference, it may not be in the context or its toString() returned null. /templates/entity.java.vm[line 80, column 30]
2019-07-16 18:10:28,867 - ResourceManager : found /templates/mapper.java.vm with loader org.apache.velocity.runtime.resource.loader.ClasspathResourceLoader
2019-07-16 18:10:28,894 - ResourceManager : found /templates/mapper.xml.vm with loader org.apache.velocity.runtime.resource.loader.ClasspathResourceLoader
2019-07-16 18:10:28,912 - ResourceManager : found /templates/service.java.vm with loader org.apache.velocity.runtime.resource.loader.ClasspathResourceLoader
2019-07-16 18:10:28,931 - ResourceManager : found /templates/serviceImpl.java.vm with loader org.apache.velocity.runtime.resource.loader.ClasspathResourceLoader
2019-07-16 18:10:28,961 - ResourceManager : found /templates/controller.java.vm with loader org.apache.velocity.runtime.resource.loader.ClasspathResourceLoader
2019-07-16 18:10:28,994 - ResourceManager : found /templates/entity.java.vm with loader org.apache.velocity.runtime.resource.loader.ClasspathResourceLoader
2019-07-16 18:10:29,014 - Left side (${versionFieldName}) of '==' operation has null value. If it is a reference, it may not be in the context or its toString() returned null. /templates/entity.java.vm[line 76, column 26]
2019-07-16 18:10:29,014 - Left side (${logicDeleteFieldName}) of '==' operation has null value. If it is a reference, it may not be in the context or its toString() returned null. /templates/entity.java.vm[line 80, column 30]
2019-07-16 18:10:29,014 - Left side (${versionFieldName}) of '==' operation has null value. If it is a reference, it may not be in the context or its toString() returned null. /templates/entity.java.vm[line 76, column 26]
2019-07-16 18:10:29,015 - Left side (${logicDeleteFieldName}) of '==' operation has null value. If it is a reference, it may not be in the context or its toString() returned null. /templates/entity.java.vm[line 80, column 30]
2019-07-16 18:10:29,015 - Left side (${versionFieldName}) of '==' operation has null value. If it is a reference, it may not be in the context or its toString() returned null. /templates/entity.java.vm[line 76, column 26]
2019-07-16 18:10:29,015 - Left side (${logicDeleteFieldName}) of '==' operation has null value. If it is a reference, it may not be in the context or its toString() returned null. /templates/entity.java.vm[line 80, column 30]
2019-07-16 18:10:29,015 - Left side (${versionFieldName}) of '==' operation has null value. If it is a reference, it may not be in the context or its toString() returned null. /templates/entity.java.vm[line 76, column 26]
2019-07-16 18:10:29,015 - Left side (${logicDeleteFieldName}) of '==' operation has null value. If it is a reference, it may not be in the context or its toString() returned null. /templates/entity.java.vm[line 80, column 30]
2019-07-16 18:10:29,015 - Left side (${versionFieldName}) of '==' operation has null value. If it is a reference, it may not be in the context or its toString() returned null. /templates/entity.java.vm[line 76, column 26]
2019-07-16 18:10:29,015 - Left side (${logicDeleteFieldName}) of '==' operation has null value. If it is a reference, it may not be in the context or its toString() returned null. /templates/entity.java.vm[line 80, column 30]
2019-07-16 18:10:29,018 - Left side (${versionFieldName}) of '==' operation has null value. If it is a reference, it may not be in the context or its toString() returned null. /templates/entity.java.vm[line 76, column 26]
2019-07-16 18:10:29,019 - Left side (${logicDeleteFieldName}) of '==' operation has null value. If it is a reference, it may not be in the context or its toString() returned null. /templates/entity.java.vm[line 80, column 30]
2019-07-16 18:10:29,019 - Left side (${versionFieldName}) of '==' operation has null value. If it is a reference, it may not be in the context or its toString() returned null. /templates/entity.java.vm[line 76, column 26]
2019-07-16 18:10:29,019 - Left side (${logicDeleteFieldName}) of '==' operation has null value. If it is a reference, it may not be in the context or its toString() returned null. /templates/entity.java.vm[line 80, column 30]
2019-07-16 18:10:29,019 - Left side (${versionFieldName}) of '==' operation has null value. If it is a reference, it may not be in the context or its toString() returned null. /templates/entity.java.vm[line 76, column 26]
2019-07-16 18:10:29,019 - Left side (${logicDeleteFieldName}) of '==' operation has null value. If it is a reference, it may not be in the context or its toString() returned null. /templates/entity.java.vm[line 80, column 30]
2019-07-16 18:10:29,019 - Left side (${versionFieldName}) of '==' operation has null value. If it is a reference, it may not be in the context or its toString() returned null. /templates/entity.java.vm[line 76, column 26]
2019-07-16 18:10:29,019 - Left side (${logicDeleteFieldName}) of '==' operation has null value. If it is a reference, it may not be in the context or its toString() returned null. /templates/entity.java.vm[line 80, column 30]
2019-07-16 18:10:29,020 - Left side (${versionFieldName}) of '==' operation has null value. If it is a reference, it may not be in the context or its toString() returned null. /templates/entity.java.vm[line 76, column 26]
2019-07-16 18:10:29,020 - Left side (${logicDeleteFieldName}) of '==' operation has null value. If it is a reference, it may not be in the context or its toString() returned null. /templates/entity.java.vm[line 80, column 30]
2019-07-16 18:10:29,020 - Left side (${versionFieldName}) of '==' operation has null value. If it is a reference, it may not be in the context or its toString() returned null. /templates/entity.java.vm[line 76, column 26]
2019-07-16 18:10:29,020 - Left side (${logicDeleteFieldName}) of '==' operation has null value. If it is a reference, it may not be in the context or its toString() returned null. /templates/entity.java.vm[line 80, column 30]
2019-07-16 18:10:29,020 - Left side (${versionFieldName}) of '==' operation has null value. If it is a reference, it may not be in the context or its toString() returned null. /templates/entity.java.vm[line 76, column 26]
2019-07-16 18:10:29,020 - Left side (${logicDeleteFieldName}) of '==' operation has null value. If it is a reference, it may not be in the context or its toString() returned null. /templates/entity.java.vm[line 80, column 30]
2019-07-16 18:10:29,020 - Left side (${versionFieldName}) of '==' operation has null value. If it is a reference, it may not be in the context or its toString() returned null. /templates/entity.java.vm[line 76, column 26]
2019-07-16 18:10:29,020 - Left side (${logicDeleteFieldName}) of '==' operation has null value. If it is a reference, it may not be in the context or its toString() returned null. /templates/entity.java.vm[line 80, column 30]
2019-07-16 18:10:29,039 - ResourceManager : found /templates/mapper.java.vm with loader org.apache.velocity.runtime.resource.loader.ClasspathResourceLoader
2019-07-16 18:10:29,053 - ResourceManager : found /templates/mapper.xml.vm with loader org.apache.velocity.runtime.resource.loader.ClasspathResourceLoader
2019-07-16 18:10:29,079 - ResourceManager : found /templates/service.java.vm with loader org.apache.velocity.runtime.resource.loader.ClasspathResourceLoader
2019-07-16 18:10:29,134 - ResourceManager : found /templates/serviceImpl.java.vm with loader org.apache.velocity.runtime.resource.loader.ClasspathResourceLoader
2019-07-16 18:10:29,178 - ResourceManager : found /templates/controller.java.vm with loader org.apache.velocity.runtime.resource.loader.ClasspathResourceLoader
